CRITICAL - 2024-07-10 01:44:24 --> ErrorException: Undefined variable $incomeExistingApprove
[Method: POST, Route: login]
in APPPATH\Controllers\DashboardController.php on line 42.
 1 APPPATH\Controllers\DashboardController.php(42): CodeIgniter\Debug\Exceptions->errorHandler(2, 'Undefined variable $incomeExistingApprove', 'C:\\xampp\\htdocs\\magang\\ci4\\app\\Controllers\\DashboardController.php', 42)
 2 SYSTEMPATH\CodeIgniter.php(933): App\Controllers\DashboardController->index()
 3 SYSTEMPATH\CodeIgniter.php(509): CodeIgniter\CodeIgniter->runController(Object(App\Controllers\DashboardController))
 4 SYSTEMPATH\CodeIgniter.php(355): CodeIgniter\CodeIgniter->handleRequest(null, Object(Config\Cache), false)
 5 SYSTEMPATH\Boot.php(325): CodeIgniter\CodeIgniter->run()
 6 SYSTEMPATH\Boot.php(67): CodeIgniter\Boot::runCodeIgniter(Object(CodeIgniter\CodeIgniter))
 7 FCPATH\index.php(56): CodeIgniter\Boot::bootWeb(Object(Config\Paths))
CRITICAL - 2024-07-10 01:44:39 --> ErrorException: Undefined variable $incomeExistingApprove
[Method: POST, Route: login]
in APPPATH\Controllers\DashboardController.php on line 42.
 1 APPPATH\Controllers\DashboardController.php(42): CodeIgniter\Debug\Exceptions->errorHandler(2, 'Undefined variable $incomeExistingApprove', 'C:\\xampp\\htdocs\\magang\\ci4\\app\\Controllers\\DashboardController.php', 42)
 2 SYSTEMPATH\CodeIgniter.php(933): App\Controllers\DashboardController->index()
 3 SYSTEMPATH\CodeIgniter.php(509): CodeIgniter\CodeIgniter->runController(Object(App\Controllers\DashboardController))
 4 SYSTEMPATH\CodeIgniter.php(355): CodeIgniter\CodeIgniter->handleRequest(null, Object(Config\Cache), false)
 5 SYSTEMPATH\Boot.php(325): CodeIgniter\CodeIgniter->run()
 6 SYSTEMPATH\Boot.php(67): CodeIgniter\Boot::runCodeIgniter(Object(CodeIgniter\CodeIgniter))
 7 FCPATH\index.php(56): CodeIgniter\Boot::bootWeb(Object(Config\Paths))
CRITICAL - 2024-07-10 01:49:23 --> ArgumentCountError: Too few arguments to function App\Controllers\DashboardController::DataDashboard(), 0 passed in C:\xampp\htdocs\magang\ci4\app\Controllers\DashboardController.php on line 41 and exactly 32 expected
[Method: POST, Route: login]
in APPPATH\Controllers\DashboardController.php on line 101.
 1 APPPATH\Controllers\DashboardController.php(41): App\Controllers\DashboardController->DataDashboard()
 2 SYSTEMPATH\CodeIgniter.php(933): App\Controllers\DashboardController->index()
 3 SYSTEMPATH\CodeIgniter.php(509): CodeIgniter\CodeIgniter->runController(Object(App\Controllers\DashboardController))
 4 SYSTEMPATH\CodeIgniter.php(355): CodeIgniter\CodeIgniter->handleRequest(null, Object(Config\Cache), false)
 5 SYSTEMPATH\Boot.php(325): CodeIgniter\CodeIgniter->run()
 6 SYSTEMPATH\Boot.php(67): CodeIgniter\Boot::runCodeIgniter(Object(CodeIgniter\CodeIgniter))
 7 FCPATH\index.php(56): CodeIgniter\Boot::bootWeb(Object(Config\Paths))
CRITICAL - 2024-07-10 01:51:17 --> ArgumentCountError: Too few arguments to function App\Controllers\DashboardController::DataDashboard(), 0 passed in C:\xampp\htdocs\magang\ci4\app\Controllers\DashboardController.php on line 41 and exactly 32 expected
[Method: POST, Route: login]
in APPPATH\Controllers\DashboardController.php on line 98.
 1 APPPATH\Controllers\DashboardController.php(41): App\Controllers\DashboardController->DataDashboard()
 2 SYSTEMPATH\CodeIgniter.php(933): App\Controllers\DashboardController->index()
 3 SYSTEMPATH\CodeIgniter.php(509): CodeIgniter\CodeIgniter->runController(Object(App\Controllers\DashboardController))
 4 SYSTEMPATH\CodeIgniter.php(355): CodeIgniter\CodeIgniter->handleRequest(null, Object(Config\Cache), false)
 5 SYSTEMPATH\Boot.php(325): CodeIgniter\CodeIgniter->run()
 6 SYSTEMPATH\Boot.php(67): CodeIgniter\Boot::runCodeIgniter(Object(CodeIgniter\CodeIgniter))
 7 FCPATH\index.php(56): CodeIgniter\Boot::bootWeb(Object(Config\Paths))
CRITICAL - 2024-07-10 01:51:27 --> ArgumentCountError: Too few arguments to function App\Controllers\DashboardController::DataDashboard(), 0 passed in C:\xampp\htdocs\magang\ci4\app\Controllers\DashboardController.php on line 41 and exactly 32 expected
[Method: POST, Route: login]
in APPPATH\Controllers\DashboardController.php on line 98.
 1 APPPATH\Controllers\DashboardController.php(41): App\Controllers\DashboardController->DataDashboard()
 2 SYSTEMPATH\CodeIgniter.php(933): App\Controllers\DashboardController->index()
 3 SYSTEMPATH\CodeIgniter.php(509): CodeIgniter\CodeIgniter->runController(Object(App\Controllers\DashboardController))
 4 SYSTEMPATH\CodeIgniter.php(355): CodeIgniter\CodeIgniter->handleRequest(null, Object(Config\Cache), false)
 5 SYSTEMPATH\Boot.php(325): CodeIgniter\CodeIgniter->run()
 6 SYSTEMPATH\Boot.php(67): CodeIgniter\Boot::runCodeIgniter(Object(CodeIgniter\CodeIgniter))
 7 FCPATH\index.php(56): CodeIgniter\Boot::bootWeb(Object(Config\Paths))
CRITICAL - 2024-07-10 01:56:10 --> ErrorException: Undefined variable $incomeExistingApprove
[Method: POST, Route: login]
in APPPATH\Controllers\DashboardController.php on line 42.
 1 APPPATH\Controllers\DashboardController.php(42): CodeIgniter\Debug\Exceptions->errorHandler(2, 'Undefined variable $incomeExistingApprove', 'C:\\xampp\\htdocs\\magang\\ci4\\app\\Controllers\\DashboardController.php', 42)
 2 SYSTEMPATH\CodeIgniter.php(933): App\Controllers\DashboardController->index()
 3 SYSTEMPATH\CodeIgniter.php(509): CodeIgniter\CodeIgniter->runController(Object(App\Controllers\DashboardController))
 4 SYSTEMPATH\CodeIgniter.php(355): CodeIgniter\CodeIgniter->handleRequest(null, Object(Config\Cache), false)
 5 SYSTEMPATH\Boot.php(325): CodeIgniter\CodeIgniter->run()
 6 SYSTEMPATH\Boot.php(67): CodeIgniter\Boot::runCodeIgniter(Object(CodeIgniter\CodeIgniter))
 7 FCPATH\index.php(56): CodeIgniter\Boot::bootWeb(Object(Config\Paths))
CRITICAL - 2024-07-10 01:56:23 --> ErrorException: Undefined variable $incomeExistingApprove
[Method: POST, Route: login]
in APPPATH\Controllers\DashboardController.php on line 42.
 1 APPPATH\Controllers\DashboardController.php(42): CodeIgniter\Debug\Exceptions->errorHandler(2, 'Undefined variable $incomeExistingApprove', 'C:\\xampp\\htdocs\\magang\\ci4\\app\\Controllers\\DashboardController.php', 42)
 2 SYSTEMPATH\CodeIgniter.php(933): App\Controllers\DashboardController->index()
 3 SYSTEMPATH\CodeIgniter.php(509): CodeIgniter\CodeIgniter->runController(Object(App\Controllers\DashboardController))
 4 SYSTEMPATH\CodeIgniter.php(355): CodeIgniter\CodeIgniter->handleRequest(null, Object(Config\Cache), false)
 5 SYSTEMPATH\Boot.php(325): CodeIgniter\CodeIgniter->run()
 6 SYSTEMPATH\Boot.php(67): CodeIgniter\Boot::runCodeIgniter(Object(CodeIgniter\CodeIgniter))
 7 FCPATH\index.php(56): CodeIgniter\Boot::bootWeb(Object(Config\Paths))
CRITICAL - 2024-07-10 01:56:53 --> ErrorException: Undefined variable $incomeExistingApprove
[Method: POST, Route: login]
in APPPATH\Controllers\DashboardController.php on line 42.
 1 APPPATH\Controllers\DashboardController.php(42): CodeIgniter\Debug\Exceptions->errorHandler(2, 'Undefined variable $incomeExistingApprove', 'C:\\xampp\\htdocs\\magang\\ci4\\app\\Controllers\\DashboardController.php', 42)
 2 SYSTEMPATH\CodeIgniter.php(933): App\Controllers\DashboardController->index()
 3 SYSTEMPATH\CodeIgniter.php(509): CodeIgniter\CodeIgniter->runController(Object(App\Controllers\DashboardController))
 4 SYSTEMPATH\CodeIgniter.php(355): CodeIgniter\CodeIgniter->handleRequest(null, Object(Config\Cache), false)
 5 SYSTEMPATH\Boot.php(325): CodeIgniter\CodeIgniter->run()
 6 SYSTEMPATH\Boot.php(67): CodeIgniter\Boot::runCodeIgniter(Object(CodeIgniter\CodeIgniter))
 7 FCPATH\index.php(56): CodeIgniter\Boot::bootWeb(Object(Config\Paths))
CRITICAL - 2024-07-10 01:57:19 --> ErrorException: Undefined variable $incomeExistingApprove
[Method: POST, Route: login]
in APPPATH\Controllers\DashboardController.php on line 42.
 1 APPPATH\Controllers\DashboardController.php(42): CodeIgniter\Debug\Exceptions->errorHandler(2, 'Undefined variable $incomeExistingApprove', 'C:\\xampp\\htdocs\\magang\\ci4\\app\\Controllers\\DashboardController.php', 42)
 2 SYSTEMPATH\CodeIgniter.php(933): App\Controllers\DashboardController->index()
 3 SYSTEMPATH\CodeIgniter.php(509): CodeIgniter\CodeIgniter->runController(Object(App\Controllers\DashboardController))
 4 SYSTEMPATH\CodeIgniter.php(355): CodeIgniter\CodeIgniter->handleRequest(null, Object(Config\Cache), false)
 5 SYSTEMPATH\Boot.php(325): CodeIgniter\CodeIgniter->run()
 6 SYSTEMPATH\Boot.php(67): CodeIgniter\Boot::runCodeIgniter(Object(CodeIgniter\CodeIgniter))
 7 FCPATH\index.php(56): CodeIgniter\Boot::bootWeb(Object(Config\Paths))
CRITICAL - 2024-07-10 01:57:29 --> ErrorException: Undefined variable $incomeExistingApprove
[Method: POST, Route: login]
in APPPATH\Controllers\DashboardController.php on line 42.
 1 APPPATH\Controllers\DashboardController.php(42): CodeIgniter\Debug\Exceptions->errorHandler(2, 'Undefined variable $incomeExistingApprove', 'C:\\xampp\\htdocs\\magang\\ci4\\app\\Controllers\\DashboardController.php', 42)
 2 SYSTEMPATH\CodeIgniter.php(933): App\Controllers\DashboardController->index()
 3 SYSTEMPATH\CodeIgniter.php(509): CodeIgniter\CodeIgniter->runController(Object(App\Controllers\DashboardController))
 4 SYSTEMPATH\CodeIgniter.php(355): CodeIgniter\CodeIgniter->handleRequest(null, Object(Config\Cache), false)
 5 SYSTEMPATH\Boot.php(325): CodeIgniter\CodeIgniter->run()
 6 SYSTEMPATH\Boot.php(67): CodeIgniter\Boot::runCodeIgniter(Object(CodeIgniter\CodeIgniter))
 7 FCPATH\index.php(56): CodeIgniter\Boot::bootWeb(Object(Config\Paths))
CRITICAL - 2024-07-10 01:57:49 --> ErrorException: Undefined variable $incomeExistingApprove
[Method: POST, Route: login]
in APPPATH\Controllers\DashboardController.php on line 42.
 1 APPPATH\Controllers\DashboardController.php(42): CodeIgniter\Debug\Exceptions->errorHandler(2, 'Undefined variable $incomeExistingApprove', 'C:\\xampp\\htdocs\\magang\\ci4\\app\\Controllers\\DashboardController.php', 42)
 2 SYSTEMPATH\CodeIgniter.php(933): App\Controllers\DashboardController->index()
 3 SYSTEMPATH\CodeIgniter.php(509): CodeIgniter\CodeIgniter->runController(Object(App\Controllers\DashboardController))
 4 SYSTEMPATH\CodeIgniter.php(355): CodeIgniter\CodeIgniter->handleRequest(null, Object(Config\Cache), false)
 5 SYSTEMPATH\Boot.php(325): CodeIgniter\CodeIgniter->run()
 6 SYSTEMPATH\Boot.php(67): CodeIgniter\Boot::runCodeIgniter(Object(CodeIgniter\CodeIgniter))
 7 FCPATH\index.php(56): CodeIgniter\Boot::bootWeb(Object(Config\Paths))
CRITICAL - 2024-07-10 01:58:01 --> ErrorException: Undefined variable $incomeExistingApprove
[Method: POST, Route: login]
in APPPATH\Controllers\DashboardController.php on line 42.
 1 APPPATH\Controllers\DashboardController.php(42): CodeIgniter\Debug\Exceptions->errorHandler(2, 'Undefined variable $incomeExistingApprove', 'C:\\xampp\\htdocs\\magang\\ci4\\app\\Controllers\\DashboardController.php', 42)
 2 SYSTEMPATH\CodeIgniter.php(933): App\Controllers\DashboardController->index()
 3 SYSTEMPATH\CodeIgniter.php(509): CodeIgniter\CodeIgniter->runController(Object(App\Controllers\DashboardController))
 4 SYSTEMPATH\CodeIgniter.php(355): CodeIgniter\CodeIgniter->handleRequest(null, Object(Config\Cache), false)
 5 SYSTEMPATH\Boot.php(325): CodeIgniter\CodeIgniter->run()
 6 SYSTEMPATH\Boot.php(67): CodeIgniter\Boot::runCodeIgniter(Object(CodeIgniter\CodeIgniter))
 7 FCPATH\index.php(56): CodeIgniter\Boot::bootWeb(Object(Config\Paths))
CRITICAL - 2024-07-10 01:58:19 --> ErrorException: Undefined variable $incomeExistingApprove
[Method: POST, Route: login]
in APPPATH\Controllers\DashboardController.php on line 42.
 1 APPPATH\Controllers\DashboardController.php(42): CodeIgniter\Debug\Exceptions->errorHandler(2, 'Undefined variable $incomeExistingApprove', 'C:\\xampp\\htdocs\\magang\\ci4\\app\\Controllers\\DashboardController.php', 42)
 2 SYSTEMPATH\CodeIgniter.php(933): App\Controllers\DashboardController->index()
 3 SYSTEMPATH\CodeIgniter.php(509): CodeIgniter\CodeIgniter->runController(Object(App\Controllers\DashboardController))
 4 SYSTEMPATH\CodeIgniter.php(355): CodeIgniter\CodeIgniter->handleRequest(null, Object(Config\Cache), false)
 5 SYSTEMPATH\Boot.php(325): CodeIgniter\CodeIgniter->run()
 6 SYSTEMPATH\Boot.php(67): CodeIgniter\Boot::runCodeIgniter(Object(CodeIgniter\CodeIgniter))
 7 FCPATH\index.php(56): CodeIgniter\Boot::bootWeb(Object(Config\Paths))
CRITICAL - 2024-07-10 01:58:27 --> ErrorException: Undefined variable $incomeExistingApprove
[Method: POST, Route: login]
in APPPATH\Controllers\DashboardController.php on line 42.
 1 APPPATH\Controllers\DashboardController.php(42): CodeIgniter\Debug\Exceptions->errorHandler(2, 'Undefined variable $incomeExistingApprove', 'C:\\xampp\\htdocs\\magang\\ci4\\app\\Controllers\\DashboardController.php', 42)
 2 SYSTEMPATH\CodeIgniter.php(933): App\Controllers\DashboardController->index()
 3 SYSTEMPATH\CodeIgniter.php(509): CodeIgniter\CodeIgniter->runController(Object(App\Controllers\DashboardController))
 4 SYSTEMPATH\CodeIgniter.php(355): CodeIgniter\CodeIgniter->handleRequest(null, Object(Config\Cache), false)
 5 SYSTEMPATH\Boot.php(325): CodeIgniter\CodeIgniter->run()
 6 SYSTEMPATH\Boot.php(67): CodeIgniter\Boot::runCodeIgniter(Object(CodeIgniter\CodeIgniter))
 7 FCPATH\index.php(56): CodeIgniter\Boot::bootWeb(Object(Config\Paths))
CRITICAL - 2024-07-10 02:01:48 --> ErrorException: Undefined variable $incomeExistingApprove
[Method: POST, Route: login]
in APPPATH\Controllers\DashboardController.php on line 42.
 1 APPPATH\Controllers\DashboardController.php(42): CodeIgniter\Debug\Exceptions->errorHandler(2, 'Undefined variable $incomeExistingApprove', 'C:\\xampp\\htdocs\\magang\\ci4\\app\\Controllers\\DashboardController.php', 42)
 2 SYSTEMPATH\CodeIgniter.php(933): App\Controllers\DashboardController->index()
 3 SYSTEMPATH\CodeIgniter.php(509): CodeIgniter\CodeIgniter->runController(Object(App\Controllers\DashboardController))
 4 SYSTEMPATH\CodeIgniter.php(355): CodeIgniter\CodeIgniter->handleRequest(null, Object(Config\Cache), false)
 5 SYSTEMPATH\Boot.php(325): CodeIgniter\CodeIgniter->run()
 6 SYSTEMPATH\Boot.php(67): CodeIgniter\Boot::runCodeIgniter(Object(CodeIgniter\CodeIgniter))
 7 FCPATH\index.php(56): CodeIgniter\Boot::bootWeb(Object(Config\Paths))
CRITICAL - 2024-07-10 02:02:37 --> ErrorException: Undefined variable $incomeExistingApprove
[Method: POST, Route: login]
in APPPATH\Controllers\DashboardController.php on line 42.
 1 APPPATH\Controllers\DashboardController.php(42): CodeIgniter\Debug\Exceptions->errorHandler(2, 'Undefined variable $incomeExistingApprove', 'C:\\xampp\\htdocs\\magang\\ci4\\app\\Controllers\\DashboardController.php', 42)
 2 SYSTEMPATH\CodeIgniter.php(933): App\Controllers\DashboardController->index()
 3 SYSTEMPATH\CodeIgniter.php(509): CodeIgniter\CodeIgniter->runController(Object(App\Controllers\DashboardController))
 4 SYSTEMPATH\CodeIgniter.php(355): CodeIgniter\CodeIgniter->handleRequest(null, Object(Config\Cache), false)
 5 SYSTEMPATH\Boot.php(325): CodeIgniter\CodeIgniter->run()
 6 SYSTEMPATH\Boot.php(67): CodeIgniter\Boot::runCodeIgniter(Object(CodeIgniter\CodeIgniter))
 7 FCPATH\index.php(56): CodeIgniter\Boot::bootWeb(Object(Config\Paths))
CRITICAL - 2024-07-10 02:13:55 --> ErrorException: Undefined variable $incomeExistingApprove
[Method: POST, Route: login]
in APPPATH\Controllers\DashboardController.php on line 19.
 1 APPPATH\Controllers\DashboardController.php(19): CodeIgniter\Debug\Exceptions->errorHandler(2, 'Undefined variable $incomeExistingApprove', 'C:\\xampp\\htdocs\\magang\\ci4\\app\\Controllers\\DashboardController.php', 19)
 2 SYSTEMPATH\CodeIgniter.php(933): App\Controllers\DashboardController->index()
 3 SYSTEMPATH\CodeIgniter.php(509): CodeIgniter\CodeIgniter->runController(Object(App\Controllers\DashboardController))
 4 SYSTEMPATH\CodeIgniter.php(355): CodeIgniter\CodeIgniter->handleRequest(null, Object(Config\Cache), false)
 5 SYSTEMPATH\Boot.php(325): CodeIgniter\CodeIgniter->run()
 6 SYSTEMPATH\Boot.php(67): CodeIgniter\Boot::runCodeIgniter(Object(CodeIgniter\CodeIgniter))
 7 FCPATH\index.php(56): CodeIgniter\Boot::bootWeb(Object(Config\Paths))
CRITICAL - 2024-07-10 02:14:43 --> ErrorException: Undefined variable $incomeExistingApprove
[Method: POST, Route: login]
in APPPATH\Controllers\DashboardController.php on line 19.
 1 APPPATH\Controllers\DashboardController.php(19): CodeIgniter\Debug\Exceptions->errorHandler(2, 'Undefined variable $incomeExistingApprove', 'C:\\xampp\\htdocs\\magang\\ci4\\app\\Controllers\\DashboardController.php', 19)
 2 SYSTEMPATH\CodeIgniter.php(933): App\Controllers\DashboardController->index()
 3 SYSTEMPATH\CodeIgniter.php(509): CodeIgniter\CodeIgniter->runController(Object(App\Controllers\DashboardController))
 4 SYSTEMPATH\CodeIgniter.php(355): CodeIgniter\CodeIgniter->handleRequest(null, Object(Config\Cache), false)
 5 SYSTEMPATH\Boot.php(325): CodeIgniter\CodeIgniter->run()
 6 SYSTEMPATH\Boot.php(67): CodeIgniter\Boot::runCodeIgniter(Object(CodeIgniter\CodeIgniter))
 7 FCPATH\index.php(56): CodeIgniter\Boot::bootWeb(Object(Config\Paths))
CRITICAL - 2024-07-10 02:16:22 --> ErrorException: Undefined variable $incomeExistingApprove
[Method: POST, Route: login]
in APPPATH\Controllers\DashboardController.php on line 19.
 1 APPPATH\Controllers\DashboardController.php(19): CodeIgniter\Debug\Exceptions->errorHandler(2, 'Undefined variable $incomeExistingApprove', 'C:\\xampp\\htdocs\\magang\\ci4\\app\\Controllers\\DashboardController.php', 19)
 2 SYSTEMPATH\CodeIgniter.php(933): App\Controllers\DashboardController->index()
 3 SYSTEMPATH\CodeIgniter.php(509): CodeIgniter\CodeIgniter->runController(Object(App\Controllers\DashboardController))
 4 SYSTEMPATH\CodeIgniter.php(355): CodeIgniter\CodeIgniter->handleRequest(null, Object(Config\Cache), false)
 5 SYSTEMPATH\Boot.php(325): CodeIgniter\CodeIgniter->run()
 6 SYSTEMPATH\Boot.php(67): CodeIgniter\Boot::runCodeIgniter(Object(CodeIgniter\CodeIgniter))
 7 FCPATH\index.php(56): CodeIgniter\Boot::bootWeb(Object(Config\Paths))
CRITICAL - 2024-07-10 02:34:16 --> TypeError: view(): Argument #2 ($data) must be of type array, bool given, called in C:\xampp\htdocs\magang\ci4\app\Controllers\DashboardController.php on line 113
[Method: POST, Route: login]
in SYSTEMPATH\Common.php on line 1159.
 1 APPPATH\Controllers\DashboardController.php(113): view('dashboard', true)
 2 SYSTEMPATH\CodeIgniter.php(933): App\Controllers\DashboardController->index()
 3 SYSTEMPATH\CodeIgniter.php(509): CodeIgniter\CodeIgniter->runController(Object(App\Controllers\DashboardController))
 4 SYSTEMPATH\CodeIgniter.php(355): CodeIgniter\CodeIgniter->handleRequest(null, Object(Config\Cache), false)
 5 SYSTEMPATH\Boot.php(325): CodeIgniter\CodeIgniter->run()
 6 SYSTEMPATH\Boot.php(67): CodeIgniter\Boot::runCodeIgniter(Object(CodeIgniter\CodeIgniter))
 7 FCPATH\index.php(56): CodeIgniter\Boot::bootWeb(Object(Config\Paths))
CRITICAL - 2024-07-10 02:34:25 --> TypeError: view(): Argument #2 ($data) must be of type array, bool given, called in C:\xampp\htdocs\magang\ci4\app\Controllers\DashboardController.php on line 113
[Method: POST, Route: login]
in SYSTEMPATH\Common.php on line 1159.
 1 APPPATH\Controllers\DashboardController.php(113): view('dashboard', true)
 2 SYSTEMPATH\CodeIgniter.php(933): App\Controllers\DashboardController->index()
 3 SYSTEMPATH\CodeIgniter.php(509): CodeIgniter\CodeIgniter->runController(Object(App\Controllers\DashboardController))
 4 SYSTEMPATH\CodeIgniter.php(355): CodeIgniter\CodeIgniter->handleRequest(null, Object(Config\Cache), false)
 5 SYSTEMPATH\Boot.php(325): CodeIgniter\CodeIgniter->run()
 6 SYSTEMPATH\Boot.php(67): CodeIgniter\Boot::runCodeIgniter(Object(CodeIgniter\CodeIgniter))
 7 FCPATH\index.php(56): CodeIgniter\Boot::bootWeb(Object(Config\Paths))
CRITICAL - 2024-07-10 07:19:28 --> ErrorException: Undefined variable $proyeksi_baru
[Method: POST, Route: login]
in APPPATH\Views\dashboard.php on line 419.
 1 APPPATH\Views\dashboard.php(419): CodeIgniter\Debug\Exceptions->errorHandler(2, 'Undefined variable $proyeksi_baru', 'C:\\xampp\\htdocs\\magang\\ci4\\app\\Views\\dashboard.php', 419)
 2 SYSTEMPATH\View\View.php(234): include('C:\\xampp\\htdocs\\magang\\ci4\\app\\Views\\dashboard.php')
 3 SYSTEMPATH\View\View.php(237): CodeIgniter\View\View->CodeIgniter\View\{closure}()
 4 SYSTEMPATH\Common.php(1171): CodeIgniter\View\View->render('dashboard', [], true)
 5 APPPATH\Controllers\DashboardController.php(115): view('dashboard')
 6 SYSTEMPATH\CodeIgniter.php(933): App\Controllers\DashboardController->index()
 7 SYSTEMPATH\CodeIgniter.php(509): CodeIgniter\CodeIgniter->runController(Object(App\Controllers\DashboardController))
 8 SYSTEMPATH\CodeIgniter.php(355): CodeIgniter\CodeIgniter->handleRequest(null, Object(Config\Cache), false)
 9 SYSTEMPATH\Boot.php(325): CodeIgniter\CodeIgniter->run()
10 SYSTEMPATH\Boot.php(67): CodeIgniter\Boot::runCodeIgniter(Object(CodeIgniter\CodeIgniter))
11 FCPATH\index.php(56): CodeIgniter\Boot::bootWeb(Object(Config\Paths))
CRITICAL - 2024-07-10 07:19:48 --> ErrorException: Undefined variable $proyeksi_baru
[Method: POST, Route: login]
in APPPATH\Views\dashboard.php on line 419.
 1 APPPATH\Views\dashboard.php(419): CodeIgniter\Debug\Exceptions->errorHandler(2, 'Undefined variable $proyeksi_baru', 'C:\\xampp\\htdocs\\magang\\ci4\\app\\Views\\dashboard.php', 419)
 2 SYSTEMPATH\View\View.php(234): include('C:\\xampp\\htdocs\\magang\\ci4\\app\\Views\\dashboard.php')
 3 SYSTEMPATH\View\View.php(237): CodeIgniter\View\View->CodeIgniter\View\{closure}()
 4 SYSTEMPATH\Common.php(1171): CodeIgniter\View\View->render('dashboard', [], true)
 5 APPPATH\Controllers\DashboardController.php(115): view('dashboard')
 6 SYSTEMPATH\CodeIgniter.php(933): App\Controllers\DashboardController->index()
 7 SYSTEMPATH\CodeIgniter.php(509): CodeIgniter\CodeIgniter->runController(Object(App\Controllers\DashboardController))
 8 SYSTEMPATH\CodeIgniter.php(355): CodeIgniter\CodeIgniter->handleRequest(null, Object(Config\Cache), false)
 9 SYSTEMPATH\Boot.php(325): CodeIgniter\CodeIgniter->run()
10 SYSTEMPATH\Boot.php(67): CodeIgniter\Boot::runCodeIgniter(Object(CodeIgniter\CodeIgniter))
11 FCPATH\index.php(56): CodeIgniter\Boot::bootWeb(Object(Config\Paths))
CRITICAL - 2024-07-10 07:19:55 --> ErrorException: Undefined variable $proyeksi_baru
[Method: POST, Route: login]
in APPPATH\Views\dashboard.php on line 419.
 1 APPPATH\Views\dashboard.php(419): CodeIgniter\Debug\Exceptions->errorHandler(2, 'Undefined variable $proyeksi_baru', 'C:\\xampp\\htdocs\\magang\\ci4\\app\\Views\\dashboard.php', 419)
 2 SYSTEMPATH\View\View.php(234): include('C:\\xampp\\htdocs\\magang\\ci4\\app\\Views\\dashboard.php')
 3 SYSTEMPATH\View\View.php(237): CodeIgniter\View\View->CodeIgniter\View\{closure}()
 4 SYSTEMPATH\Common.php(1171): CodeIgniter\View\View->render('dashboard', [], true)
 5 APPPATH\Controllers\DashboardController.php(115): view('dashboard')
 6 SYSTEMPATH\CodeIgniter.php(933): App\Controllers\DashboardController->index()
 7 SYSTEMPATH\CodeIgniter.php(509): CodeIgniter\CodeIgniter->runController(Object(App\Controllers\DashboardController))
 8 SYSTEMPATH\CodeIgniter.php(355): CodeIgniter\CodeIgniter->handleRequest(null, Object(Config\Cache), false)
 9 SYSTEMPATH\Boot.php(325): CodeIgniter\CodeIgniter->run()
10 SYSTEMPATH\Boot.php(67): CodeIgniter\Boot::runCodeIgniter(Object(CodeIgniter\CodeIgniter))
11 FCPATH\index.php(56): CodeIgniter\Boot::bootWeb(Object(Config\Paths))
CRITICAL - 2024-07-10 07:20:05 --> ErrorException: Undefined variable $proyeksi_baru
[Method: POST, Route: login]
in APPPATH\Views\dashboard.php on line 419.
 1 APPPATH\Views\dashboard.php(419): CodeIgniter\Debug\Exceptions->errorHandler(2, 'Undefined variable $proyeksi_baru', 'C:\\xampp\\htdocs\\magang\\ci4\\app\\Views\\dashboard.php', 419)
 2 SYSTEMPATH\View\View.php(234): include('C:\\xampp\\htdocs\\magang\\ci4\\app\\Views\\dashboard.php')
 3 SYSTEMPATH\View\View.php(237): CodeIgniter\View\View->CodeIgniter\View\{closure}()
 4 SYSTEMPATH\Common.php(1171): CodeIgniter\View\View->render('dashboard', [], true)
 5 APPPATH\Controllers\DashboardController.php(115): view('dashboard')
 6 SYSTEMPATH\CodeIgniter.php(933): App\Controllers\DashboardController->index()
 7 SYSTEMPATH\CodeIgniter.php(509): CodeIgniter\CodeIgniter->runController(Object(App\Controllers\DashboardController))
 8 SYSTEMPATH\CodeIgniter.php(355): CodeIgniter\CodeIgniter->handleRequest(null, Object(Config\Cache), false)
 9 SYSTEMPATH\Boot.php(325): CodeIgniter\CodeIgniter->run()
10 SYSTEMPATH\Boot.php(67): CodeIgniter\Boot::runCodeIgniter(Object(CodeIgniter\CodeIgniter))
11 FCPATH\index.php(56): CodeIgniter\Boot::bootWeb(Object(Config\Paths))
CRITICAL - 2024-07-10 07:21:02 --> ErrorException: Undefined variable $proyeksi_baru
[Method: POST, Route: login]
in APPPATH\Views\dashboard.php on line 419.
 1 APPPATH\Views\dashboard.php(419): CodeIgniter\Debug\Exceptions->errorHandler(2, 'Undefined variable $proyeksi_baru', 'C:\\xampp\\htdocs\\magang\\ci4\\app\\Views\\dashboard.php', 419)
 2 SYSTEMPATH\View\View.php(234): include('C:\\xampp\\htdocs\\magang\\ci4\\app\\Views\\dashboard.php')
 3 SYSTEMPATH\View\View.php(237): CodeIgniter\View\View->CodeIgniter\View\{closure}()
 4 SYSTEMPATH\Common.php(1171): CodeIgniter\View\View->render('dashboard', [], true)
 5 APPPATH\Controllers\DashboardController.php(35): view('dashboard')
 6 SYSTEMPATH\CodeIgniter.php(933): App\Controllers\DashboardController->index()
 7 SYSTEMPATH\CodeIgniter.php(509): CodeIgniter\CodeIgniter->runController(Object(App\Controllers\DashboardController))
 8 SYSTEMPATH\CodeIgniter.php(355): CodeIgniter\CodeIgniter->handleRequest(null, Object(Config\Cache), false)
 9 SYSTEMPATH\Boot.php(325): CodeIgniter\CodeIgniter->run()
10 SYSTEMPATH\Boot.php(67): CodeIgniter\Boot::runCodeIgniter(Object(CodeIgniter\CodeIgniter))
11 FCPATH\index.php(56): CodeIgniter\Boot::bootWeb(Object(Config\Paths))
CRITICAL - 2024-07-10 07:21:07 --> ErrorException: Undefined variable $proyeksi_baru
[Method: POST, Route: login]
in APPPATH\Views\dashboard.php on line 419.
 1 APPPATH\Views\dashboard.php(419): CodeIgniter\Debug\Exceptions->errorHandler(2, 'Undefined variable $proyeksi_baru', 'C:\\xampp\\htdocs\\magang\\ci4\\app\\Views\\dashboard.php', 419)
 2 SYSTEMPATH\View\View.php(234): include('C:\\xampp\\htdocs\\magang\\ci4\\app\\Views\\dashboard.php')
 3 SYSTEMPATH\View\View.php(237): CodeIgniter\View\View->CodeIgniter\View\{closure}()
 4 SYSTEMPATH\Common.php(1171): CodeIgniter\View\View->render('dashboard', [], true)
 5 APPPATH\Controllers\DashboardController.php(35): view('dashboard')
 6 SYSTEMPATH\CodeIgniter.php(933): App\Controllers\DashboardController->index()
 7 SYSTEMPATH\CodeIgniter.php(509): CodeIgniter\CodeIgniter->runController(Object(App\Controllers\DashboardController))
 8 SYSTEMPATH\CodeIgniter.php(355): CodeIgniter\CodeIgniter->handleRequest(null, Object(Config\Cache), false)
 9 SYSTEMPATH\Boot.php(325): CodeIgniter\CodeIgniter->run()
10 SYSTEMPATH\Boot.php(67): CodeIgniter\Boot::runCodeIgniter(Object(CodeIgniter\CodeIgniter))
11 FCPATH\index.php(56): CodeIgniter\Boot::bootWeb(Object(Config\Paths))
CRITICAL - 2024-07-10 07:21:24 --> ErrorException: Undefined variable $proyeksi_baru
[Method: POST, Route: login]
in APPPATH\Views\dashboard.php on line 419.
 1 APPPATH\Views\dashboard.php(419): CodeIgniter\Debug\Exceptions->errorHandler(2, 'Undefined variable $proyeksi_baru', 'C:\\xampp\\htdocs\\magang\\ci4\\app\\Views\\dashboard.php', 419)
 2 SYSTEMPATH\View\View.php(234): include('C:\\xampp\\htdocs\\magang\\ci4\\app\\Views\\dashboard.php')
 3 SYSTEMPATH\View\View.php(237): CodeIgniter\View\View->CodeIgniter\View\{closure}()
 4 SYSTEMPATH\Common.php(1171): CodeIgniter\View\View->render('dashboard', [], true)
 5 APPPATH\Controllers\DashboardController.php(35): view('dashboard')
 6 SYSTEMPATH\CodeIgniter.php(933): App\Controllers\DashboardController->index()
 7 SYSTEMPATH\CodeIgniter.php(509): CodeIgniter\CodeIgniter->runController(Object(App\Controllers\DashboardController))
 8 SYSTEMPATH\CodeIgniter.php(355): CodeIgniter\CodeIgniter->handleRequest(null, Object(Config\Cache), false)
 9 SYSTEMPATH\Boot.php(325): CodeIgniter\CodeIgniter->run()
10 SYSTEMPATH\Boot.php(67): CodeIgniter\Boot::runCodeIgniter(Object(CodeIgniter\CodeIgniter))
11 FCPATH\index.php(56): CodeIgniter\Boot::bootWeb(Object(Config\Paths))
CRITICAL - 2024-07-10 07:38:23 --> ErrorException: Attempt to read property "data" on null
[Method: POST, Route: login]
in APPPATH\Views\dashboard.php on line 419.
 1 APPPATH\Views\dashboard.php(419): CodeIgniter\Debug\Exceptions->errorHandler(2, 'Attempt to read property "data" on null', 'C:\\xampp\\htdocs\\magang\\ci4\\app\\Views\\dashboard.php', 419)
 2 SYSTEMPATH\View\View.php(234): include('C:\\xampp\\htdocs\\magang\\ci4\\app\\Views\\dashboard.php')
 3 SYSTEMPATH\View\View.php(237): CodeIgniter\View\View->CodeIgniter\View\{closure}()
 4 SYSTEMPATH\Common.php(1171): CodeIgniter\View\View->render('dashboard', [], true)
 5 APPPATH\Controllers\DashboardController.php(43): view('dashboard', [...])
 6 SYSTEMPATH\CodeIgniter.php(933): App\Controllers\DashboardController->index()
 7 SYSTEMPATH\CodeIgniter.php(509): CodeIgniter\CodeIgniter->runController(Object(App\Controllers\DashboardController))
 8 SYSTEMPATH\CodeIgniter.php(355): CodeIgniter\CodeIgniter->handleRequest(null, Object(Config\Cache), false)
 9 SYSTEMPATH\Boot.php(325): CodeIgniter\CodeIgniter->run()
10 SYSTEMPATH\Boot.php(67): CodeIgniter\Boot::runCodeIgniter(Object(CodeIgniter\CodeIgniter))
11 FCPATH\index.php(56): CodeIgniter\Boot::bootWeb(Object(Config\Paths))
CRITICAL - 2024-07-10 08:08:18 --> ErrorException: Undefined variable $proyeksiBaruData
[Method: POST, Route: login]
in APPPATH\Views\dashboard.php on line 419.
 1 APPPATH\Views\dashboard.php(419): CodeIgniter\Debug\Exceptions->errorHandler(2, 'Undefined variable $proyeksiBaruData', 'C:\\xampp\\htdocs\\magang\\ci4\\app\\Views\\dashboard.php', 419)
 2 SYSTEMPATH\View\View.php(234): include('C:\\xampp\\htdocs\\magang\\ci4\\app\\Views\\dashboard.php')
 3 SYSTEMPATH\View\View.php(237): CodeIgniter\View\View->CodeIgniter\View\{closure}()
 4 SYSTEMPATH\Common.php(1171): CodeIgniter\View\View->render('dashboard', [], true)
 5 APPPATH\Controllers\DashboardController.php(36): view('dashboard')
 6 SYSTEMPATH\CodeIgniter.php(933): App\Controllers\DashboardController->index()
 7 SYSTEMPATH\CodeIgniter.php(509): CodeIgniter\CodeIgniter->runController(Object(App\Controllers\DashboardController))
 8 SYSTEMPATH\CodeIgniter.php(355): CodeIgniter\CodeIgniter->handleRequest(null, Object(Config\Cache), false)
 9 SYSTEMPATH\Boot.php(325): CodeIgniter\CodeIgniter->run()
10 SYSTEMPATH\Boot.php(67): CodeIgniter\Boot::runCodeIgniter(Object(CodeIgniter\CodeIgniter))
11 FCPATH\index.php(56): CodeIgniter\Boot::bootWeb(Object(Config\Paths))
CRITICAL - 2024-07-10 08:08:39 --> ErrorException: Undefined variable $proyeksiBaruData
[Method: POST, Route: login]
in APPPATH\Views\dashboard.php on line 419.
 1 APPPATH\Views\dashboard.php(419): CodeIgniter\Debug\Exceptions->errorHandler(2, 'Undefined variable $proyeksiBaruData', 'C:\\xampp\\htdocs\\magang\\ci4\\app\\Views\\dashboard.php', 419)
 2 SYSTEMPATH\View\View.php(234): include('C:\\xampp\\htdocs\\magang\\ci4\\app\\Views\\dashboard.php')
 3 SYSTEMPATH\View\View.php(237): CodeIgniter\View\View->CodeIgniter\View\{closure}()
 4 SYSTEMPATH\Common.php(1171): CodeIgniter\View\View->render('dashboard', [], true)
 5 APPPATH\Controllers\DashboardController.php(112): view('dashboard')
 6 SYSTEMPATH\CodeIgniter.php(933): App\Controllers\DashboardController->index()
 7 SYSTEMPATH\CodeIgniter.php(509): CodeIgniter\CodeIgniter->runController(Object(App\Controllers\DashboardController))
 8 SYSTEMPATH\CodeIgniter.php(355): CodeIgniter\CodeIgniter->handleRequest(null, Object(Config\Cache), false)
 9 SYSTEMPATH\Boot.php(325): CodeIgniter\CodeIgniter->run()
10 SYSTEMPATH\Boot.php(67): CodeIgniter\Boot::runCodeIgniter(Object(CodeIgniter\CodeIgniter))
11 FCPATH\index.php(56): CodeIgniter\Boot::bootWeb(Object(Config\Paths))
CRITICAL - 2024-07-10 08:08:50 --> ErrorException: Undefined variable $proyeksiBaruData
[Method: POST, Route: login]
in APPPATH\Views\dashboard.php on line 419.
 1 APPPATH\Views\dashboard.php(419): CodeIgniter\Debug\Exceptions->errorHandler(2, 'Undefined variable $proyeksiBaruData', 'C:\\xampp\\htdocs\\magang\\ci4\\app\\Views\\dashboard.php', 419)
 2 SYSTEMPATH\View\View.php(234): include('C:\\xampp\\htdocs\\magang\\ci4\\app\\Views\\dashboard.php')
 3 SYSTEMPATH\View\View.php(237): CodeIgniter\View\View->CodeIgniter\View\{closure}()
 4 SYSTEMPATH\Common.php(1171): CodeIgniter\View\View->render('dashboard', [], true)
 5 APPPATH\Controllers\DashboardController.php(112): view('dashboard')
 6 SYSTEMPATH\CodeIgniter.php(933): App\Controllers\DashboardController->index()
 7 SYSTEMPATH\CodeIgniter.php(509): CodeIgniter\CodeIgniter->runController(Object(App\Controllers\DashboardController))
 8 SYSTEMPATH\CodeIgniter.php(355): CodeIgniter\CodeIgniter->handleRequest(null, Object(Config\Cache), false)
 9 SYSTEMPATH\Boot.php(325): CodeIgniter\CodeIgniter->run()
10 SYSTEMPATH\Boot.php(67): CodeIgniter\Boot::runCodeIgniter(Object(CodeIgniter\CodeIgniter))
11 FCPATH\index.php(56): CodeIgniter\Boot::bootWeb(Object(Config\Paths))
CRITICAL - 2024-07-10 08:09:16 --> ErrorException: Undefined variable $proyeksiBaruData
[Method: POST, Route: login]
in APPPATH\Views\dashboard.php on line 419.
 1 APPPATH\Views\dashboard.php(419): CodeIgniter\Debug\Exceptions->errorHandler(2, 'Undefined variable $proyeksiBaruData', 'C:\\xampp\\htdocs\\magang\\ci4\\app\\Views\\dashboard.php', 419)
 2 SYSTEMPATH\View\View.php(234): include('C:\\xampp\\htdocs\\magang\\ci4\\app\\Views\\dashboard.php')
 3 SYSTEMPATH\View\View.php(237): CodeIgniter\View\View->CodeIgniter\View\{closure}()
 4 SYSTEMPATH\Common.php(1171): CodeIgniter\View\View->render('dashboard', [], true)
 5 APPPATH\Controllers\DashboardController.php(112): view('dashboard')
 6 SYSTEMPATH\CodeIgniter.php(933): App\Controllers\DashboardController->index()
 7 SYSTEMPATH\CodeIgniter.php(509): CodeIgniter\CodeIgniter->runController(Object(App\Controllers\DashboardController))
 8 SYSTEMPATH\CodeIgniter.php(355): CodeIgniter\CodeIgniter->handleRequest(null, Object(Config\Cache), false)
 9 SYSTEMPATH\Boot.php(325): CodeIgniter\CodeIgniter->run()
10 SYSTEMPATH\Boot.php(67): CodeIgniter\Boot::runCodeIgniter(Object(CodeIgniter\CodeIgniter))
11 FCPATH\index.php(56): CodeIgniter\Boot::bootWeb(Object(Config\Paths))
CRITICAL - 2024-07-10 08:09:33 --> ErrorException: Undefined variable $proyeksiBaruData
[Method: POST, Route: login]
in APPPATH\Views\dashboard.php on line 419.
 1 APPPATH\Views\dashboard.php(419): CodeIgniter\Debug\Exceptions->errorHandler(2, 'Undefined variable $proyeksiBaruData', 'C:\\xampp\\htdocs\\magang\\ci4\\app\\Views\\dashboard.php', 419)
 2 SYSTEMPATH\View\View.php(234): include('C:\\xampp\\htdocs\\magang\\ci4\\app\\Views\\dashboard.php')
 3 SYSTEMPATH\View\View.php(237): CodeIgniter\View\View->CodeIgniter\View\{closure}()
 4 SYSTEMPATH\Common.php(1171): CodeIgniter\View\View->render('dashboard', [], true)
 5 APPPATH\Controllers\DashboardController.php(112): view('dashboard')
 6 SYSTEMPATH\CodeIgniter.php(933): App\Controllers\DashboardController->index()
 7 SYSTEMPATH\CodeIgniter.php(509): CodeIgniter\CodeIgniter->runController(Object(App\Controllers\DashboardController))
 8 SYSTEMPATH\CodeIgniter.php(355): CodeIgniter\CodeIgniter->handleRequest(null, Object(Config\Cache), false)
 9 SYSTEMPATH\Boot.php(325): CodeIgniter\CodeIgniter->run()
10 SYSTEMPATH\Boot.php(67): CodeIgniter\Boot::runCodeIgniter(Object(CodeIgniter\CodeIgniter))
11 FCPATH\index.php(56): CodeIgniter\Boot::bootWeb(Object(Config\Paths))
CRITICAL - 2024-07-10 08:09:44 --> ErrorException: Undefined variable $proyeksiBaruData
[Method: POST, Route: login]
in APPPATH\Views\dashboard.php on line 419.
 1 APPPATH\Views\dashboard.php(419): CodeIgniter\Debug\Exceptions->errorHandler(2, 'Undefined variable $proyeksiBaruData', 'C:\\xampp\\htdocs\\magang\\ci4\\app\\Views\\dashboard.php', 419)
 2 SYSTEMPATH\View\View.php(234): include('C:\\xampp\\htdocs\\magang\\ci4\\app\\Views\\dashboard.php')
 3 SYSTEMPATH\View\View.php(237): CodeIgniter\View\View->CodeIgniter\View\{closure}()
 4 SYSTEMPATH\Common.php(1171): CodeIgniter\View\View->render('dashboard', [], true)
 5 APPPATH\Controllers\DashboardController.php(112): view('dashboard')
 6 SYSTEMPATH\CodeIgniter.php(933): App\Controllers\DashboardController->index()
 7 SYSTEMPATH\CodeIgniter.php(509): CodeIgniter\CodeIgniter->runController(Object(App\Controllers\DashboardController))
 8 SYSTEMPATH\CodeIgniter.php(355): CodeIgniter\CodeIgniter->handleRequest(null, Object(Config\Cache), false)
 9 SYSTEMPATH\Boot.php(325): CodeIgniter\CodeIgniter->run()
10 SYSTEMPATH\Boot.php(67): CodeIgniter\Boot::runCodeIgniter(Object(CodeIgniter\CodeIgniter))
11 FCPATH\index.php(56): CodeIgniter\Boot::bootWeb(Object(Config\Paths))
CRITICAL - 2024-07-10 08:11:58 --> ErrorException: Attempt to read property "data" on null
[Method: POST, Route: login]
in APPPATH\Views\dashboard.php on line 419.
 1 APPPATH\Views\dashboard.php(419): CodeIgniter\Debug\Exceptions->errorHandler(2, 'Attempt to read property "data" on null', 'C:\\xampp\\htdocs\\magang\\ci4\\app\\Views\\dashboard.php', 419)
 2 SYSTEMPATH\View\View.php(234): include('C:\\xampp\\htdocs\\magang\\ci4\\app\\Views\\dashboard.php')
 3 SYSTEMPATH\View\View.php(237): CodeIgniter\View\View->CodeIgniter\View\{closure}()
 4 SYSTEMPATH\Common.php(1171): CodeIgniter\View\View->render('dashboard', [], true)
 5 APPPATH\Controllers\DashboardController.php(43): view('dashboard', [...])
 6 SYSTEMPATH\CodeIgniter.php(933): App\Controllers\DashboardController->index()
 7 SYSTEMPATH\CodeIgniter.php(509): CodeIgniter\CodeIgniter->runController(Object(App\Controllers\DashboardController))
 8 SYSTEMPATH\CodeIgniter.php(355): CodeIgniter\CodeIgniter->handleRequest(null, Object(Config\Cache), false)
 9 SYSTEMPATH\Boot.php(325): CodeIgniter\CodeIgniter->run()
10 SYSTEMPATH\Boot.php(67): CodeIgniter\Boot::runCodeIgniter(Object(CodeIgniter\CodeIgniter))
11 FCPATH\index.php(56): CodeIgniter\Boot::bootWeb(Object(Config\Paths))
CRITICAL - 2024-07-10 08:12:42 --> ErrorException: Array to string conversion
[Method: POST, Route: login]
in APPPATH\Controllers\DashboardController.php on line 43.
 1 APPPATH\Controllers\DashboardController.php(43): CodeIgniter\Debug\Exceptions->errorHandler(2, 'Array to string conversion', 'C:\\xampp\\htdocs\\magang\\ci4\\app\\Controllers\\DashboardController.php', 43)
 2 SYSTEMPATH\CodeIgniter.php(933): App\Controllers\DashboardController->index()
 3 SYSTEMPATH\CodeIgniter.php(509): CodeIgniter\CodeIgniter->runController(Object(App\Controllers\DashboardController))
 4 SYSTEMPATH\CodeIgniter.php(355): CodeIgniter\CodeIgniter->handleRequest(null, Object(Config\Cache), false)
 5 SYSTEMPATH\Boot.php(325): CodeIgniter\CodeIgniter->run()
 6 SYSTEMPATH\Boot.php(67): CodeIgniter\Boot::runCodeIgniter(Object(CodeIgniter\CodeIgniter))
 7 FCPATH\index.php(56): CodeIgniter\Boot::bootWeb(Object(Config\Paths))
CRITICAL - 2024-07-10 08:31:48 --> TypeError: view(): Argument #1 ($name) must be of type string, array given, called in C:\xampp\htdocs\magang\ci4\app\Controllers\DashboardController.php on line 48
[Method: POST, Route: login]
in SYSTEMPATH\Common.php on line 1159.
 1 APPPATH\Controllers\DashboardController.php(48): view([...])
 2 SYSTEMPATH\CodeIgniter.php(933): App\Controllers\DashboardController->index()
 3 SYSTEMPATH\CodeIgniter.php(509): CodeIgniter\CodeIgniter->runController(Object(App\Controllers\DashboardController))
 4 SYSTEMPATH\CodeIgniter.php(355): CodeIgniter\CodeIgniter->handleRequest(null, Object(Config\Cache), false)
 5 SYSTEMPATH\Boot.php(325): CodeIgniter\CodeIgniter->run()
 6 SYSTEMPATH\Boot.php(67): CodeIgniter\Boot::runCodeIgniter(Object(CodeIgniter\CodeIgniter))
 7 FCPATH\index.php(56): CodeIgniter\Boot::bootWeb(Object(Config\Paths))
CRITICAL - 2024-07-10 08:32:01 --> ErrorException: Array to string conversion
[Method: POST, Route: login]
in APPPATH\Controllers\DashboardController.php on line 48.
 1 APPPATH\Controllers\DashboardController.php(48): CodeIgniter\Debug\Exceptions->errorHandler(2, 'Array to string conversion', 'C:\\xampp\\htdocs\\magang\\ci4\\app\\Controllers\\DashboardController.php', 48)
 2 SYSTEMPATH\CodeIgniter.php(933): App\Controllers\DashboardController->index()
 3 SYSTEMPATH\CodeIgniter.php(509): CodeIgniter\CodeIgniter->runController(Object(App\Controllers\DashboardController))
 4 SYSTEMPATH\CodeIgniter.php(355): CodeIgniter\CodeIgniter->handleRequest(null, Object(Config\Cache), false)
 5 SYSTEMPATH\Boot.php(325): CodeIgniter\CodeIgniter->run()
 6 SYSTEMPATH\Boot.php(67): CodeIgniter\Boot::runCodeIgniter(Object(CodeIgniter\CodeIgniter))
 7 FCPATH\index.php(56): CodeIgniter\Boot::bootWeb(Object(Config\Paths))
CRITICAL - 2024-07-10 08:34:31 --> TypeError: Unsupported operand types: stdClass + int
[Method: POST, Route: login]
in APPPATH\Views\dashboard.php on line 428.
 1 SYSTEMPATH\View\View.php(234): include()
 2 SYSTEMPATH\View\View.php(237): CodeIgniter\View\View->CodeIgniter\View\{closure}()
 3 SYSTEMPATH\Common.php(1171): CodeIgniter\View\View->render('dashboard', [], true)
 4 APPPATH\Controllers\DashboardController.php(48): view('dashboard', [...])
 5 SYSTEMPATH\CodeIgniter.php(933): App\Controllers\DashboardController->index()
 6 SYSTEMPATH\CodeIgniter.php(509): CodeIgniter\CodeIgniter->runController(Object(App\Controllers\DashboardController))
 7 SYSTEMPATH\CodeIgniter.php(355): CodeIgniter\CodeIgniter->handleRequest(null, Object(Config\Cache), false)
 8 SYSTEMPATH\Boot.php(325): CodeIgniter\CodeIgniter->run()
 9 SYSTEMPATH\Boot.php(67): CodeIgniter\Boot::runCodeIgniter(Object(CodeIgniter\CodeIgniter))
10 FCPATH\index.php(56): CodeIgniter\Boot::bootWeb(Object(Config\Paths))
