CRITICAL - 2024-07-11 01:14:12 --> ErrorException: Undefined variable $existingData
[Method: POST, Route: login]
in APPPATH\Views\dashboard.php on line 410.
 1 APPPATH\Views\dashboard.php(410): CodeIgniter\Debug\Exceptions->errorHandler(2, 'Undefined variable $existingData', 'C:\\xampp\\htdocs\\magang\\ci4\\app\\Views\\dashboard.php', 410)
 2 SYSTEMPATH\View\View.php(234): include('C:\\xampp\\htdocs\\magang\\ci4\\app\\Views\\dashboard.php')
 3 SYSTEMPATH\View\View.php(237): CodeIgniter\View\View->CodeIgniter\View\{closure}()
 4 SYSTEMPATH\Common.php(1171): CodeIgniter\View\View->render('dashboard', [], true)
 5 APPPATH\Controllers\DashboardController.php(54): view('dashboard', [...])
 6 SYSTEMPATH\CodeIgniter.php(933): App\Controllers\DashboardController->index()
 7 SYSTEMPATH\CodeIgniter.php(509): CodeIgniter\CodeIgniter->runController(Object(App\Controllers\DashboardController))
 8 SYSTEMPATH\CodeIgniter.php(355): CodeIgniter\CodeIgniter->handleRequest(null, Object(Config\Cache), false)
 9 SYSTEMPATH\Boot.php(325): CodeIgniter\CodeIgniter->run()
10 SYSTEMPATH\Boot.php(67): CodeIgniter\Boot::runCodeIgniter(Object(CodeIgniter\CodeIgniter))
11 FCPATH\index.php(56): CodeIgniter\Boot::bootWeb(Object(Config\Paths))
CRITICAL - 2024-07-11 01:16:17 --> ErrorException: Undefined variable $ExistingDataPD
[Method: POST, Route: login]
in APPPATH\Views\dashboard.php on line 440.
 1 APPPATH\Views\dashboard.php(440): CodeIgniter\Debug\Exceptions->errorHandler(2, 'Undefined variable $ExistingDataPD', 'C:\\xampp\\htdocs\\magang\\ci4\\app\\Views\\dashboard.php', 440)
 2 SYSTEMPATH\View\View.php(234): include('C:\\xampp\\htdocs\\magang\\ci4\\app\\Views\\dashboard.php')
 3 SYSTEMPATH\View\View.php(237): CodeIgniter\View\View->CodeIgniter\View\{closure}()
 4 SYSTEMPATH\Common.php(1171): CodeIgniter\View\View->render('dashboard', [], true)
 5 APPPATH\Controllers\DashboardController.php(54): view('dashboard', [...])
 6 SYSTEMPATH\CodeIgniter.php(933): App\Controllers\DashboardController->index()
 7 SYSTEMPATH\CodeIgniter.php(509): CodeIgniter\CodeIgniter->runController(Object(App\Controllers\DashboardController))
 8 SYSTEMPATH\CodeIgniter.php(355): CodeIgniter\CodeIgniter->handleRequest(null, Object(Config\Cache), false)
 9 SYSTEMPATH\Boot.php(325): CodeIgniter\CodeIgniter->run()
10 SYSTEMPATH\Boot.php(67): CodeIgniter\Boot::runCodeIgniter(Object(CodeIgniter\CodeIgniter))
11 FCPATH\index.php(56): CodeIgniter\Boot::bootWeb(Object(Config\Paths))
CRITICAL - 2024-07-11 01:18:11 --> ErrorException: Undefined variable $ExistingDataPD
[Method: POST, Route: login]
in APPPATH\Views\dashboard.php on line 440.
 1 APPPATH\Views\dashboard.php(440): CodeIgniter\Debug\Exceptions->errorHandler(2, 'Undefined variable $ExistingDataPD', 'C:\\xampp\\htdocs\\magang\\ci4\\app\\Views\\dashboard.php', 440)
 2 SYSTEMPATH\View\View.php(234): include('C:\\xampp\\htdocs\\magang\\ci4\\app\\Views\\dashboard.php')
 3 SYSTEMPATH\View\View.php(237): CodeIgniter\View\View->CodeIgniter\View\{closure}()
 4 SYSTEMPATH\Common.php(1171): CodeIgniter\View\View->render('dashboard', [], true)
 5 APPPATH\Controllers\DashboardController.php(54): view('dashboard', [...])
 6 SYSTEMPATH\CodeIgniter.php(933): App\Controllers\DashboardController->index()
 7 SYSTEMPATH\CodeIgniter.php(509): CodeIgniter\CodeIgniter->runController(Object(App\Controllers\DashboardController))
 8 SYSTEMPATH\CodeIgniter.php(355): CodeIgniter\CodeIgniter->handleRequest(null, Object(Config\Cache), false)
 9 SYSTEMPATH\Boot.php(325): CodeIgniter\CodeIgniter->run()
10 SYSTEMPATH\Boot.php(67): CodeIgniter\Boot::runCodeIgniter(Object(CodeIgniter\CodeIgniter))
11 FCPATH\index.php(56): CodeIgniter\Boot::bootWeb(Object(Config\Paths))
CRITICAL - 2024-07-11 01:38:58 --> ErrorException: Undefined variable $proteksiBaruApproveBeban
[Method: POST, Route: login]
in APPPATH\Views\dashboard.php on line 499.
 1 APPPATH\Views\dashboard.php(499): CodeIgniter\Debug\Exceptions->errorHandler(2, 'Undefined variable $proteksiBaruApproveBeban', 'C:\\xampp\\htdocs\\magang\\ci4\\app\\Views\\dashboard.php', 499)
 2 SYSTEMPATH\View\View.php(234): include('C:\\xampp\\htdocs\\magang\\ci4\\app\\Views\\dashboard.php')
 3 SYSTEMPATH\View\View.php(237): CodeIgniter\View\View->CodeIgniter\View\{closure}()
 4 SYSTEMPATH\Common.php(1171): CodeIgniter\View\View->render('dashboard', [], true)
 5 APPPATH\Controllers\DashboardController.php(64): view('dashboard', [...])
 6 SYSTEMPATH\CodeIgniter.php(933): App\Controllers\DashboardController->index()
 7 SYSTEMPATH\CodeIgniter.php(509): CodeIgniter\CodeIgniter->runController(Object(App\Controllers\DashboardController))
 8 SYSTEMPATH\CodeIgniter.php(355): CodeIgniter\CodeIgniter->handleRequest(null, Object(Config\Cache), false)
 9 SYSTEMPATH\Boot.php(325): CodeIgniter\CodeIgniter->run()
10 SYSTEMPATH\Boot.php(67): CodeIgniter\Boot::runCodeIgniter(Object(CodeIgniter\CodeIgniter))
11 FCPATH\index.php(56): CodeIgniter\Boot::bootWeb(Object(Config\Paths))
CRITICAL - 2024-07-11 01:40:50 --> TypeError: Unsupported operand types: stdClass + int
[Method: POST, Route: login]
in APPPATH\Views\dashboard.php on line 508.
 1 SYSTEMPATH\View\View.php(234): include()
 2 SYSTEMPATH\View\View.php(237): CodeIgniter\View\View->CodeIgniter\View\{closure}()
 3 SYSTEMPATH\Common.php(1171): CodeIgniter\View\View->render('dashboard', [], true)
 4 APPPATH\Controllers\DashboardController.php(64): view('dashboard', [...])
 5 SYSTEMPATH\CodeIgniter.php(933): App\Controllers\DashboardController->index()
 6 SYSTEMPATH\CodeIgniter.php(509): CodeIgniter\CodeIgniter->runController(Object(App\Controllers\DashboardController))
 7 SYSTEMPATH\CodeIgniter.php(355): CodeIgniter\CodeIgniter->handleRequest(null, Object(Config\Cache), false)
 8 SYSTEMPATH\Boot.php(325): CodeIgniter\CodeIgniter->run()
 9 SYSTEMPATH\Boot.php(67): CodeIgniter\Boot::runCodeIgniter(Object(CodeIgniter\CodeIgniter))
10 FCPATH\index.php(56): CodeIgniter\Boot::bootWeb(Object(Config\Paths))
CRITICAL - 2024-07-11 02:32:08 --> Error: Call to undefined method App\Controllers\DashboardController::getRkapDataRP()
[Method: POST, Route: login]
in APPPATH\Controllers\DashboardController.php on line 52.
 1 SYSTEMPATH\CodeIgniter.php(933): App\Controllers\DashboardController->index()
 2 SYSTEMPATH\CodeIgniter.php(509): CodeIgniter\CodeIgniter->runController(Object(App\Controllers\DashboardController))
 3 SYSTEMPATH\CodeIgniter.php(355): CodeIgniter\CodeIgniter->handleRequest(null, Object(Config\Cache), false)
 4 SYSTEMPATH\Boot.php(325): CodeIgniter\CodeIgniter->run()
 5 SYSTEMPATH\Boot.php(67): CodeIgniter\Boot::runCodeIgniter(Object(CodeIgniter\CodeIgniter))
 6 FCPATH\index.php(56): CodeIgniter\Boot::bootWeb(Object(Config\Paths))
CRITICAL - 2024-07-11 02:32:45 --> Error: Call to undefined method App\Controllers\DashboardController::getRkapDataRP()
[Method: POST, Route: login]
in APPPATH\Controllers\DashboardController.php on line 52.
 1 SYSTEMPATH\CodeIgniter.php(933): App\Controllers\DashboardController->index()
 2 SYSTEMPATH\CodeIgniter.php(509): CodeIgniter\CodeIgniter->runController(Object(App\Controllers\DashboardController))
 3 SYSTEMPATH\CodeIgniter.php(355): CodeIgniter\CodeIgniter->handleRequest(null, Object(Config\Cache), false)
 4 SYSTEMPATH\Boot.php(325): CodeIgniter\CodeIgniter->run()
 5 SYSTEMPATH\Boot.php(67): CodeIgniter\Boot::runCodeIgniter(Object(CodeIgniter\CodeIgniter))
 6 FCPATH\index.php(56): CodeIgniter\Boot::bootWeb(Object(Config\Paths))
CRITICAL - 2024-07-11 02:33:10 --> Error: Call to undefined method App\Controllers\DashboardController::getRkapDataRP()
[Method: POST, Route: login]
in APPPATH\Controllers\DashboardController.php on line 52.
 1 SYSTEMPATH\CodeIgniter.php(933): App\Controllers\DashboardController->index()
 2 SYSTEMPATH\CodeIgniter.php(509): CodeIgniter\CodeIgniter->runController(Object(App\Controllers\DashboardController))
 3 SYSTEMPATH\CodeIgniter.php(355): CodeIgniter\CodeIgniter->handleRequest(null, Object(Config\Cache), false)
 4 SYSTEMPATH\Boot.php(325): CodeIgniter\CodeIgniter->run()
 5 SYSTEMPATH\Boot.php(67): CodeIgniter\Boot::runCodeIgniter(Object(CodeIgniter\CodeIgniter))
 6 FCPATH\index.php(56): CodeIgniter\Boot::bootWeb(Object(Config\Paths))
CRITICAL - 2024-07-11 02:33:19 --> Error: Call to undefined method App\Controllers\DashboardController::getRkapDataRP()
[Method: POST, Route: login]
in APPPATH\Controllers\DashboardController.php on line 52.
 1 SYSTEMPATH\CodeIgniter.php(933): App\Controllers\DashboardController->index()
 2 SYSTEMPATH\CodeIgniter.php(509): CodeIgniter\CodeIgniter->runController(Object(App\Controllers\DashboardController))
 3 SYSTEMPATH\CodeIgniter.php(355): CodeIgniter\CodeIgniter->handleRequest(null, Object(Config\Cache), false)
 4 SYSTEMPATH\Boot.php(325): CodeIgniter\CodeIgniter->run()
 5 SYSTEMPATH\Boot.php(67): CodeIgniter\Boot::runCodeIgniter(Object(CodeIgniter\CodeIgniter))
 6 FCPATH\index.php(56): CodeIgniter\Boot::bootWeb(Object(Config\Paths))
CRITICAL - 2024-07-11 02:39:44 --> Error: Call to undefined method App\Controllers\DashboardController::getRkapDataRP()
[Method: POST, Route: login]
in APPPATH\Controllers\DashboardController.php on line 52.
 1 SYSTEMPATH\CodeIgniter.php(933): App\Controllers\DashboardController->index()
 2 SYSTEMPATH\CodeIgniter.php(509): CodeIgniter\CodeIgniter->runController(Object(App\Controllers\DashboardController))
 3 SYSTEMPATH\CodeIgniter.php(355): CodeIgniter\CodeIgniter->handleRequest(null, Object(Config\Cache), false)
 4 SYSTEMPATH\Boot.php(325): CodeIgniter\CodeIgniter->run()
 5 SYSTEMPATH\Boot.php(67): CodeIgniter\Boot::runCodeIgniter(Object(CodeIgniter\CodeIgniter))
 6 FCPATH\index.php(56): CodeIgniter\Boot::bootWeb(Object(Config\Paths))
CRITICAL - 2024-07-11 02:39:57 --> Error: Call to undefined method App\Controllers\DashboardController::getRkapDataRP()
[Method: POST, Route: login]
in APPPATH\Controllers\DashboardController.php on line 52.
 1 SYSTEMPATH\CodeIgniter.php(933): App\Controllers\DashboardController->index()
 2 SYSTEMPATH\CodeIgniter.php(509): CodeIgniter\CodeIgniter->runController(Object(App\Controllers\DashboardController))
 3 SYSTEMPATH\CodeIgniter.php(355): CodeIgniter\CodeIgniter->handleRequest(null, Object(Config\Cache), false)
 4 SYSTEMPATH\Boot.php(325): CodeIgniter\CodeIgniter->run()
 5 SYSTEMPATH\Boot.php(67): CodeIgniter\Boot::runCodeIgniter(Object(CodeIgniter\CodeIgniter))
 6 FCPATH\index.php(56): CodeIgniter\Boot::bootWeb(Object(Config\Paths))
CRITICAL - 2024-07-11 02:40:09 --> Error: Call to undefined method App\Controllers\DashboardController::getRkapDataRP()
[Method: POST, Route: login]
in APPPATH\Controllers\DashboardController.php on line 52.
 1 SYSTEMPATH\CodeIgniter.php(933): App\Controllers\DashboardController->index()
 2 SYSTEMPATH\CodeIgniter.php(509): CodeIgniter\CodeIgniter->runController(Object(App\Controllers\DashboardController))
 3 SYSTEMPATH\CodeIgniter.php(355): CodeIgniter\CodeIgniter->handleRequest(null, Object(Config\Cache), false)
 4 SYSTEMPATH\Boot.php(325): CodeIgniter\CodeIgniter->run()
 5 SYSTEMPATH\Boot.php(67): CodeIgniter\Boot::runCodeIgniter(Object(CodeIgniter\CodeIgniter))
 6 FCPATH\index.php(56): CodeIgniter\Boot::bootWeb(Object(Config\Paths))
CRITICAL - 2024-07-11 02:40:26 --> Error: Call to undefined method App\Controllers\DashboardController::getRkapDataRP()
[Method: POST, Route: login]
in APPPATH\Controllers\DashboardController.php on line 52.
 1 SYSTEMPATH\CodeIgniter.php(933): App\Controllers\DashboardController->index()
 2 SYSTEMPATH\CodeIgniter.php(509): CodeIgniter\CodeIgniter->runController(Object(App\Controllers\DashboardController))
 3 SYSTEMPATH\CodeIgniter.php(355): CodeIgniter\CodeIgniter->handleRequest(null, Object(Config\Cache), false)
 4 SYSTEMPATH\Boot.php(325): CodeIgniter\CodeIgniter->run()
 5 SYSTEMPATH\Boot.php(67): CodeIgniter\Boot::runCodeIgniter(Object(CodeIgniter\CodeIgniter))
 6 FCPATH\index.php(56): CodeIgniter\Boot::bootWeb(Object(Config\Paths))
CRITICAL - 2024-07-11 02:40:39 --> Error: Call to undefined method App\Controllers\DashboardController::getRkapDataRP()
[Method: POST, Route: login]
in APPPATH\Controllers\DashboardController.php on line 52.
 1 SYSTEMPATH\CodeIgniter.php(933): App\Controllers\DashboardController->index()
 2 SYSTEMPATH\CodeIgniter.php(509): CodeIgniter\CodeIgniter->runController(Object(App\Controllers\DashboardController))
 3 SYSTEMPATH\CodeIgniter.php(355): CodeIgniter\CodeIgniter->handleRequest(null, Object(Config\Cache), false)
 4 SYSTEMPATH\Boot.php(325): CodeIgniter\CodeIgniter->run()
 5 SYSTEMPATH\Boot.php(67): CodeIgniter\Boot::runCodeIgniter(Object(CodeIgniter\CodeIgniter))
 6 FCPATH\index.php(56): CodeIgniter\Boot::bootWeb(Object(Config\Paths))
CRITICAL - 2024-07-11 02:40:54 --> Error: Call to undefined method App\Controllers\DashboardController::getRkapDataRP()
[Method: POST, Route: login]
in APPPATH\Controllers\DashboardController.php on line 52.
 1 SYSTEMPATH\CodeIgniter.php(933): App\Controllers\DashboardController->index()
 2 SYSTEMPATH\CodeIgniter.php(509): CodeIgniter\CodeIgniter->runController(Object(App\Controllers\DashboardController))
 3 SYSTEMPATH\CodeIgniter.php(355): CodeIgniter\CodeIgniter->handleRequest(null, Object(Config\Cache), false)
 4 SYSTEMPATH\Boot.php(325): CodeIgniter\CodeIgniter->run()
 5 SYSTEMPATH\Boot.php(67): CodeIgniter\Boot::runCodeIgniter(Object(CodeIgniter\CodeIgniter))
 6 FCPATH\index.php(56): CodeIgniter\Boot::bootWeb(Object(Config\Paths))
CRITICAL - 2024-07-11 02:41:09 --> Error: Call to undefined method App\Controllers\DashboardController::getRkapDataRP()
[Method: POST, Route: login]
in APPPATH\Controllers\DashboardController.php on line 52.
 1 SYSTEMPATH\CodeIgniter.php(933): App\Controllers\DashboardController->index()
 2 SYSTEMPATH\CodeIgniter.php(509): CodeIgniter\CodeIgniter->runController(Object(App\Controllers\DashboardController))
 3 SYSTEMPATH\CodeIgniter.php(355): CodeIgniter\CodeIgniter->handleRequest(null, Object(Config\Cache), false)
 4 SYSTEMPATH\Boot.php(325): CodeIgniter\CodeIgniter->run()
 5 SYSTEMPATH\Boot.php(67): CodeIgniter\Boot::runCodeIgniter(Object(CodeIgniter\CodeIgniter))
 6 FCPATH\index.php(56): CodeIgniter\Boot::bootWeb(Object(Config\Paths))
CRITICAL - 2024-07-11 02:41:23 --> Error: Call to undefined method App\Controllers\DashboardController::getRkapDataRP()
[Method: POST, Route: login]
in APPPATH\Controllers\DashboardController.php on line 52.
 1 SYSTEMPATH\CodeIgniter.php(933): App\Controllers\DashboardController->index()
 2 SYSTEMPATH\CodeIgniter.php(509): CodeIgniter\CodeIgniter->runController(Object(App\Controllers\DashboardController))
 3 SYSTEMPATH\CodeIgniter.php(355): CodeIgniter\CodeIgniter->handleRequest(null, Object(Config\Cache), false)
 4 SYSTEMPATH\Boot.php(325): CodeIgniter\CodeIgniter->run()
 5 SYSTEMPATH\Boot.php(67): CodeIgniter\Boot::runCodeIgniter(Object(CodeIgniter\CodeIgniter))
 6 FCPATH\index.php(56): CodeIgniter\Boot::bootWeb(Object(Config\Paths))
CRITICAL - 2024-07-11 02:41:38 --> Error: Call to undefined method App\Controllers\DashboardController::getRkapDataRP()
[Method: POST, Route: login]
in APPPATH\Controllers\DashboardController.php on line 52.
 1 SYSTEMPATH\CodeIgniter.php(933): App\Controllers\DashboardController->index()
 2 SYSTEMPATH\CodeIgniter.php(509): CodeIgniter\CodeIgniter->runController(Object(App\Controllers\DashboardController))
 3 SYSTEMPATH\CodeIgniter.php(355): CodeIgniter\CodeIgniter->handleRequest(null, Object(Config\Cache), false)
 4 SYSTEMPATH\Boot.php(325): CodeIgniter\CodeIgniter->run()
 5 SYSTEMPATH\Boot.php(67): CodeIgniter\Boot::runCodeIgniter(Object(CodeIgniter\CodeIgniter))
 6 FCPATH\index.php(56): CodeIgniter\Boot::bootWeb(Object(Config\Paths))
CRITICAL - 2024-07-11 02:41:50 --> Error: Call to undefined method App\Controllers\DashboardController::getRkapDataRP()
[Method: POST, Route: login]
in APPPATH\Controllers\DashboardController.php on line 52.
 1 SYSTEMPATH\CodeIgniter.php(933): App\Controllers\DashboardController->index()
 2 SYSTEMPATH\CodeIgniter.php(509): CodeIgniter\CodeIgniter->runController(Object(App\Controllers\DashboardController))
 3 SYSTEMPATH\CodeIgniter.php(355): CodeIgniter\CodeIgniter->handleRequest(null, Object(Config\Cache), false)
 4 SYSTEMPATH\Boot.php(325): CodeIgniter\CodeIgniter->run()
 5 SYSTEMPATH\Boot.php(67): CodeIgniter\Boot::runCodeIgniter(Object(CodeIgniter\CodeIgniter))
 6 FCPATH\index.php(56): CodeIgniter\Boot::bootWeb(Object(Config\Paths))
CRITICAL - 2024-07-11 02:42:10 --> Error: Call to undefined method App\Controllers\DashboardController::getRkapDataRP()
[Method: POST, Route: login]
in APPPATH\Controllers\DashboardController.php on line 52.
 1 SYSTEMPATH\CodeIgniter.php(933): App\Controllers\DashboardController->index()
 2 SYSTEMPATH\CodeIgniter.php(509): CodeIgniter\CodeIgniter->runController(Object(App\Controllers\DashboardController))
 3 SYSTEMPATH\CodeIgniter.php(355): CodeIgniter\CodeIgniter->handleRequest(null, Object(Config\Cache), false)
 4 SYSTEMPATH\Boot.php(325): CodeIgniter\CodeIgniter->run()
 5 SYSTEMPATH\Boot.php(67): CodeIgniter\Boot::runCodeIgniter(Object(CodeIgniter\CodeIgniter))
 6 FCPATH\index.php(56): CodeIgniter\Boot::bootWeb(Object(Config\Paths))
CRITICAL - 2024-07-11 02:42:52 --> Error: Call to undefined method App\Controllers\DashboardController::getRkapDataRP()
[Method: POST, Route: login]
in APPPATH\Controllers\DashboardController.php on line 52.
 1 SYSTEMPATH\CodeIgniter.php(933): App\Controllers\DashboardController->index()
 2 SYSTEMPATH\CodeIgniter.php(509): CodeIgniter\CodeIgniter->runController(Object(App\Controllers\DashboardController))
 3 SYSTEMPATH\CodeIgniter.php(355): CodeIgniter\CodeIgniter->handleRequest(null, Object(Config\Cache), false)
 4 SYSTEMPATH\Boot.php(325): CodeIgniter\CodeIgniter->run()
 5 SYSTEMPATH\Boot.php(67): CodeIgniter\Boot::runCodeIgniter(Object(CodeIgniter\CodeIgniter))
 6 FCPATH\index.php(56): CodeIgniter\Boot::bootWeb(Object(Config\Paths))
CRITICAL - 2024-07-11 02:43:32 --> Error: Call to undefined method App\Controllers\DashboardController::getRkapDataRP()
[Method: POST, Route: login]
in APPPATH\Controllers\DashboardController.php on line 53.
 1 SYSTEMPATH\CodeIgniter.php(933): App\Controllers\DashboardController->index()
 2 SYSTEMPATH\CodeIgniter.php(509): CodeIgniter\CodeIgniter->runController(Object(App\Controllers\DashboardController))
 3 SYSTEMPATH\CodeIgniter.php(355): CodeIgniter\CodeIgniter->handleRequest(null, Object(Config\Cache), false)
 4 SYSTEMPATH\Boot.php(325): CodeIgniter\CodeIgniter->run()
 5 SYSTEMPATH\Boot.php(67): CodeIgniter\Boot::runCodeIgniter(Object(CodeIgniter\CodeIgniter))
 6 FCPATH\index.php(56): CodeIgniter\Boot::bootWeb(Object(Config\Paths))
CRITICAL - 2024-07-11 02:44:11 --> Error: Call to undefined method App\Controllers\DashboardController::getRkapDataRP()
[Method: POST, Route: login]
in APPPATH\Controllers\DashboardController.php on line 53.
 1 SYSTEMPATH\CodeIgniter.php(933): App\Controllers\DashboardController->index()
 2 SYSTEMPATH\CodeIgniter.php(509): CodeIgniter\CodeIgniter->runController(Object(App\Controllers\DashboardController))
 3 SYSTEMPATH\CodeIgniter.php(355): CodeIgniter\CodeIgniter->handleRequest(null, Object(Config\Cache), false)
 4 SYSTEMPATH\Boot.php(325): CodeIgniter\CodeIgniter->run()
 5 SYSTEMPATH\Boot.php(67): CodeIgniter\Boot::runCodeIgniter(Object(CodeIgniter\CodeIgniter))
 6 FCPATH\index.php(56): CodeIgniter\Boot::bootWeb(Object(Config\Paths))
CRITICAL - 2024-07-11 02:44:19 --> Error: Call to undefined method App\Controllers\DashboardController::getRkapDataRP()
[Method: POST, Route: login]
in APPPATH\Controllers\DashboardController.php on line 53.
 1 SYSTEMPATH\CodeIgniter.php(933): App\Controllers\DashboardController->index()
 2 SYSTEMPATH\CodeIgniter.php(509): CodeIgniter\CodeIgniter->runController(Object(App\Controllers\DashboardController))
 3 SYSTEMPATH\CodeIgniter.php(355): CodeIgniter\CodeIgniter->handleRequest(null, Object(Config\Cache), false)
 4 SYSTEMPATH\Boot.php(325): CodeIgniter\CodeIgniter->run()
 5 SYSTEMPATH\Boot.php(67): CodeIgniter\Boot::runCodeIgniter(Object(CodeIgniter\CodeIgniter))
 6 FCPATH\index.php(56): CodeIgniter\Boot::bootWeb(Object(Config\Paths))
CRITICAL - 2024-07-11 02:45:23 --> TypeError: htmlspecialchars(): Argument #1 ($string) must be of type string, stdClass given
[Method: POST, Route: login]
in APPPATH\Views\dashboard.php on line 498.
 1 APPPATH\Views\dashboard.php(498): htmlspecialchars(Object(stdClass))
 2 SYSTEMPATH\View\View.php(234): include('C:\\xampp\\htdocs\\magang\\ci4\\app\\Views\\dashboard.php')
 3 SYSTEMPATH\View\View.php(237): CodeIgniter\View\View->CodeIgniter\View\{closure}()
 4 SYSTEMPATH\Common.php(1171): CodeIgniter\View\View->render('dashboard', [], true)
 5 APPPATH\Controllers\DashboardController.php(95): view('dashboard', [...])
 6 SYSTEMPATH\CodeIgniter.php(933): App\Controllers\DashboardController->index()
 7 SYSTEMPATH\CodeIgniter.php(509): CodeIgniter\CodeIgniter->runController(Object(App\Controllers\DashboardController))
 8 SYSTEMPATH\CodeIgniter.php(355): CodeIgniter\CodeIgniter->handleRequest(null, Object(Config\Cache), false)
 9 SYSTEMPATH\Boot.php(325): CodeIgniter\CodeIgniter->run()
10 SYSTEMPATH\Boot.php(67): CodeIgniter\Boot::runCodeIgniter(Object(CodeIgniter\CodeIgniter))
11 FCPATH\index.php(56): CodeIgniter\Boot::bootWeb(Object(Config\Paths))
CRITICAL - 2024-07-11 02:49:03 --> ErrorException: htmlspecialchars(): Charset &quot;,&quot; is not supported, assuming UTF-8
[Method: POST, Route: login]
in APPPATH\Views\dashboard.php on line 409.
 1 [internal function]: CodeIgniter\Debug\Exceptions->errorHandler(2, 'htmlspecialchars(): Charset &quot;,&quot; is not supported, assuming UTF-8', 'C:\\xampp\\htdocs\\magang\\ci4\\app\\Views\\dashboard.php', 409)
 2 APPPATH\Views\dashboard.php(409): htmlspecialchars('1045219196488', 0, ',', '.')
 3 SYSTEMPATH\View\View.php(234): include('C:\\xampp\\htdocs\\magang\\ci4\\app\\Views\\dashboard.php')
 4 SYSTEMPATH\View\View.php(237): CodeIgniter\View\View->CodeIgniter\View\{closure}()
 5 SYSTEMPATH\Common.php(1171): CodeIgniter\View\View->render('dashboard', [], true)
 6 APPPATH\Controllers\DashboardController.php(95): view('dashboard', [...])
 7 SYSTEMPATH\CodeIgniter.php(933): App\Controllers\DashboardController->index()
 8 SYSTEMPATH\CodeIgniter.php(509): CodeIgniter\CodeIgniter->runController(Object(App\Controllers\DashboardController))
 9 SYSTEMPATH\CodeIgniter.php(355): CodeIgniter\CodeIgniter->handleRequest(null, Object(Config\Cache), false)
10 SYSTEMPATH\Boot.php(325): CodeIgniter\CodeIgniter->run()
11 SYSTEMPATH\Boot.php(67): CodeIgniter\Boot::runCodeIgniter(Object(CodeIgniter\CodeIgniter))
12 FCPATH\index.php(56): CodeIgniter\Boot::bootWeb(Object(Config\Paths))
