CRITICAL - 2024-07-15 01:26:21 --> ErrorException: Undefined variable $index
[Method: GET, Route: /]
in APPPATH\Views\dataPegawai.php on line 432.
 1 APPPATH\Views\dataPegawai.php(432): CodeIgniter\Debug\Exceptions->errorHandler(2, 'Undefined variable $index', 'C:\\xampp\\htdocs\\magang\\ci4\\app\\Views\\dataPegawai.php', 432)
 2 SYSTEMPATH\View\View.php(234): include('C:\\xampp\\htdocs\\magang\\ci4\\app\\Views\\dataPegawai.php')
 3 SYSTEMPATH\View\View.php(237): CodeIgniter\View\View->CodeIgniter\View\{closure}()
 4 SYSTEMPATH\Common.php(1171): CodeIgniter\View\View->render('dataPegawai', [], true)
 5 APPPATH\Controllers\LoginController.php(11): view('dataPegawai')
 6 SYSTEMPATH\CodeIgniter.php(933): App\Controllers\LoginController->index()
 7 SYSTEMPATH\CodeIgniter.php(509): CodeIgniter\CodeIgniter->runController(Object(App\Controllers\LoginController))
 8 SYSTEMPATH\CodeIgniter.php(355): CodeIgniter\CodeIgniter->handleRequest(null, Object(Config\Cache), false)
 9 SYSTEMPATH\Boot.php(325): CodeIgniter\CodeIgniter->run()
10 SYSTEMPATH\Boot.php(67): CodeIgniter\Boot::runCodeIgniter(Object(CodeIgniter\CodeIgniter))
11 FCPATH\index.php(56): CodeIgniter\Boot::bootWeb(Object(Config\Paths))
CRITICAL - 2024-07-15 08:08:07 --> ErrorException: Undefined variable $eksistingApproveRP
[Method: GET, Route: dashboard2]
in APPPATH\Views\dashboard.php on line 462.
 1 APPPATH\Views\dashboard.php(462): CodeIgniter\Debug\Exceptions->errorHandler(2, 'Undefined variable $eksistingApproveRP', 'C:\\xampp\\htdocs\\magang\\ci4\\app\\Views\\dashboard.php', 462)
 2 SYSTEMPATH\View\View.php(234): include('C:\\xampp\\htdocs\\magang\\ci4\\app\\Views\\dashboard.php')
 3 SYSTEMPATH\View\View.php(237): CodeIgniter\View\View->CodeIgniter\View\{closure}()
 4 SYSTEMPATH\Common.php(1171): CodeIgniter\View\View->render('dashboard', [], true)
 5 APPPATH\Controllers\DashboardController.php(95): view('dashboard')
 6 SYSTEMPATH\CodeIgniter.php(933): App\Controllers\DashboardController->dashboard2()
 7 SYSTEMPATH\CodeIgniter.php(509): CodeIgniter\CodeIgniter->runController(Object(App\Controllers\DashboardController))
 8 SYSTEMPATH\CodeIgniter.php(355): CodeIgniter\CodeIgniter->handleRequest(null, Object(Config\Cache), false)
 9 SYSTEMPATH\Boot.php(325): CodeIgniter\CodeIgniter->run()
10 SYSTEMPATH\Boot.php(67): CodeIgniter\Boot::runCodeIgniter(Object(CodeIgniter\CodeIgniter))
11 FCPATH\index.php(56): CodeIgniter\Boot::bootWeb(Object(Config\Paths))
CRITICAL - 2024-07-15 08:08:39 --> ErrorException: Undefined variable $eksistingApproveRP
[Method: GET, Route: dashboard2]
in APPPATH\Views\dashboard.php on line 462.
 1 APPPATH\Views\dashboard.php(462): CodeIgniter\Debug\Exceptions->errorHandler(2, 'Undefined variable $eksistingApproveRP', 'C:\\xampp\\htdocs\\magang\\ci4\\app\\Views\\dashboard.php', 462)
 2 SYSTEMPATH\View\View.php(234): include('C:\\xampp\\htdocs\\magang\\ci4\\app\\Views\\dashboard.php')
 3 SYSTEMPATH\View\View.php(237): CodeIgniter\View\View->CodeIgniter\View\{closure}()
 4 SYSTEMPATH\Common.php(1171): CodeIgniter\View\View->render('dashboard', [], true)
 5 APPPATH\Controllers\DashboardController.php(95): view('dashboard')
 6 SYSTEMPATH\CodeIgniter.php(933): App\Controllers\DashboardController->dashboard2()
 7 SYSTEMPATH\CodeIgniter.php(509): CodeIgniter\CodeIgniter->runController(Object(App\Controllers\DashboardController))
 8 SYSTEMPATH\CodeIgniter.php(355): CodeIgniter\CodeIgniter->handleRequest(null, Object(Config\Cache), false)
 9 SYSTEMPATH\Boot.php(325): CodeIgniter\CodeIgniter->run()
10 SYSTEMPATH\Boot.php(67): CodeIgniter\Boot::runCodeIgniter(Object(CodeIgniter\CodeIgniter))
11 FCPATH\index.php(56): CodeIgniter\Boot::bootWeb(Object(Config\Paths))
CRITICAL - 2024-07-15 08:08:48 --> ErrorException: Undefined variable $eksistingApproveRP
[Method: GET, Route: dashboard2]
in APPPATH\Views\dashboard.php on line 462.
 1 APPPATH\Views\dashboard.php(462): CodeIgniter\Debug\Exceptions->errorHandler(2, 'Undefined variable $eksistingApproveRP', 'C:\\xampp\\htdocs\\magang\\ci4\\app\\Views\\dashboard.php', 462)
 2 SYSTEMPATH\View\View.php(234): include('C:\\xampp\\htdocs\\magang\\ci4\\app\\Views\\dashboard.php')
 3 SYSTEMPATH\View\View.php(237): CodeIgniter\View\View->CodeIgniter\View\{closure}()
 4 SYSTEMPATH\Common.php(1171): CodeIgniter\View\View->render('dashboard', [], true)
 5 APPPATH\Controllers\DashboardController.php(95): view('dashboard')
 6 SYSTEMPATH\CodeIgniter.php(933): App\Controllers\DashboardController->dashboard2()
 7 SYSTEMPATH\CodeIgniter.php(509): CodeIgniter\CodeIgniter->runController(Object(App\Controllers\DashboardController))
 8 SYSTEMPATH\CodeIgniter.php(355): CodeIgniter\CodeIgniter->handleRequest(null, Object(Config\Cache), false)
 9 SYSTEMPATH\Boot.php(325): CodeIgniter\CodeIgniter->run()
10 SYSTEMPATH\Boot.php(67): CodeIgniter\Boot::runCodeIgniter(Object(CodeIgniter\CodeIgniter))
11 FCPATH\index.php(56): CodeIgniter\Boot::bootWeb(Object(Config\Paths))
CRITICAL - 2024-07-15 08:08:52 --> ErrorException: Undefined variable $eksistingApproveRP
[Method: GET, Route: dashboard2]
in APPPATH\Views\dashboard.php on line 462.
 1 APPPATH\Views\dashboard.php(462): CodeIgniter\Debug\Exceptions->errorHandler(2, 'Undefined variable $eksistingApproveRP', 'C:\\xampp\\htdocs\\magang\\ci4\\app\\Views\\dashboard.php', 462)
 2 SYSTEMPATH\View\View.php(234): include('C:\\xampp\\htdocs\\magang\\ci4\\app\\Views\\dashboard.php')
 3 SYSTEMPATH\View\View.php(237): CodeIgniter\View\View->CodeIgniter\View\{closure}()
 4 SYSTEMPATH\Common.php(1171): CodeIgniter\View\View->render('dashboard', [], true)
 5 APPPATH\Controllers\DashboardController.php(95): view('dashboard')
 6 SYSTEMPATH\CodeIgniter.php(933): App\Controllers\DashboardController->dashboard2()
 7 SYSTEMPATH\CodeIgniter.php(509): CodeIgniter\CodeIgniter->runController(Object(App\Controllers\DashboardController))
 8 SYSTEMPATH\CodeIgniter.php(355): CodeIgniter\CodeIgniter->handleRequest(null, Object(Config\Cache), false)
 9 SYSTEMPATH\Boot.php(325): CodeIgniter\CodeIgniter->run()
10 SYSTEMPATH\Boot.php(67): CodeIgniter\Boot::runCodeIgniter(Object(CodeIgniter\CodeIgniter))
11 FCPATH\index.php(56): CodeIgniter\Boot::bootWeb(Object(Config\Paths))
CRITICAL - 2024-07-15 08:08:53 --> ErrorException: Maximum execution time of 120 seconds exceeded
[Method: GET, Route: dashboard]
in APPPATH\Controllers\DashboardController.php on line 135.
 1 [internal function]: CodeIgniter\Debug\Exceptions->shutdownHandler()
CRITICAL - 2024-07-15 08:09:16 --> ErrorException: Undefined variable $eksistingApproveRP
[Method: GET, Route: dashboard2]
in APPPATH\Views\dashboard.php on line 462.
 1 APPPATH\Views\dashboard.php(462): CodeIgniter\Debug\Exceptions->errorHandler(2, 'Undefined variable $eksistingApproveRP', 'C:\\xampp\\htdocs\\magang\\ci4\\app\\Views\\dashboard.php', 462)
 2 SYSTEMPATH\View\View.php(234): include('C:\\xampp\\htdocs\\magang\\ci4\\app\\Views\\dashboard.php')
 3 SYSTEMPATH\View\View.php(237): CodeIgniter\View\View->CodeIgniter\View\{closure}()
 4 SYSTEMPATH\Common.php(1171): CodeIgniter\View\View->render('dashboard', [], true)
 5 APPPATH\Controllers\DashboardController.php(95): view('dashboard')
 6 SYSTEMPATH\CodeIgniter.php(933): App\Controllers\DashboardController->dashboard2()
 7 SYSTEMPATH\CodeIgniter.php(509): CodeIgniter\CodeIgniter->runController(Object(App\Controllers\DashboardController))
 8 SYSTEMPATH\CodeIgniter.php(355): CodeIgniter\CodeIgniter->handleRequest(null, Object(Config\Cache), false)
 9 SYSTEMPATH\Boot.php(325): CodeIgniter\CodeIgniter->run()
10 SYSTEMPATH\Boot.php(67): CodeIgniter\Boot::runCodeIgniter(Object(CodeIgniter\CodeIgniter))
11 FCPATH\index.php(56): CodeIgniter\Boot::bootWeb(Object(Config\Paths))
CRITICAL - 2024-07-15 08:09:20 --> ErrorException: Undefined variable $eksistingApproveRP
[Method: GET, Route: dashboard2]
in APPPATH\Views\dashboard.php on line 462.
 1 APPPATH\Views\dashboard.php(462): CodeIgniter\Debug\Exceptions->errorHandler(2, 'Undefined variable $eksistingApproveRP', 'C:\\xampp\\htdocs\\magang\\ci4\\app\\Views\\dashboard.php', 462)
 2 SYSTEMPATH\View\View.php(234): include('C:\\xampp\\htdocs\\magang\\ci4\\app\\Views\\dashboard.php')
 3 SYSTEMPATH\View\View.php(237): CodeIgniter\View\View->CodeIgniter\View\{closure}()
 4 SYSTEMPATH\Common.php(1171): CodeIgniter\View\View->render('dashboard', [], true)
 5 APPPATH\Controllers\DashboardController.php(95): view('dashboard')
 6 SYSTEMPATH\CodeIgniter.php(933): App\Controllers\DashboardController->dashboard2()
 7 SYSTEMPATH\CodeIgniter.php(509): CodeIgniter\CodeIgniter->runController(Object(App\Controllers\DashboardController))
 8 SYSTEMPATH\CodeIgniter.php(355): CodeIgniter\CodeIgniter->handleRequest(null, Object(Config\Cache), false)
 9 SYSTEMPATH\Boot.php(325): CodeIgniter\CodeIgniter->run()
10 SYSTEMPATH\Boot.php(67): CodeIgniter\Boot::runCodeIgniter(Object(CodeIgniter\CodeIgniter))
11 FCPATH\index.php(56): CodeIgniter\Boot::bootWeb(Object(Config\Paths))
CRITICAL - 2024-07-15 08:09:34 --> ErrorException: Undefined variable $eksistingApproveRP
[Method: GET, Route: dashboard2]
in APPPATH\Views\dashboard.php on line 462.
 1 APPPATH\Views\dashboard.php(462): CodeIgniter\Debug\Exceptions->errorHandler(2, 'Undefined variable $eksistingApproveRP', 'C:\\xampp\\htdocs\\magang\\ci4\\app\\Views\\dashboard.php', 462)
 2 SYSTEMPATH\View\View.php(234): include('C:\\xampp\\htdocs\\magang\\ci4\\app\\Views\\dashboard.php')
 3 SYSTEMPATH\View\View.php(237): CodeIgniter\View\View->CodeIgniter\View\{closure}()
 4 SYSTEMPATH\Common.php(1171): CodeIgniter\View\View->render('dashboard', [], true)
 5 APPPATH\Controllers\DashboardController.php(95): view('dashboard')
 6 SYSTEMPATH\CodeIgniter.php(933): App\Controllers\DashboardController->dashboard2()
 7 SYSTEMPATH\CodeIgniter.php(509): CodeIgniter\CodeIgniter->runController(Object(App\Controllers\DashboardController))
 8 SYSTEMPATH\CodeIgniter.php(355): CodeIgniter\CodeIgniter->handleRequest(null, Object(Config\Cache), false)
 9 SYSTEMPATH\Boot.php(325): CodeIgniter\CodeIgniter->run()
10 SYSTEMPATH\Boot.php(67): CodeIgniter\Boot::runCodeIgniter(Object(CodeIgniter\CodeIgniter))
11 FCPATH\index.php(56): CodeIgniter\Boot::bootWeb(Object(Config\Paths))
CRITICAL - 2024-07-15 08:11:52 --> ErrorException: Undefined variable $eksistingApproveRP
[Method: GET, Route: dashboard2]
in APPPATH\Views\dashboard.php on line 462.
 1 APPPATH\Views\dashboard.php(462): CodeIgniter\Debug\Exceptions->errorHandler(2, 'Undefined variable $eksistingApproveRP', 'C:\\xampp\\htdocs\\magang\\ci4\\app\\Views\\dashboard.php', 462)
 2 SYSTEMPATH\View\View.php(234): include('C:\\xampp\\htdocs\\magang\\ci4\\app\\Views\\dashboard.php')
 3 SYSTEMPATH\View\View.php(237): CodeIgniter\View\View->CodeIgniter\View\{closure}()
 4 SYSTEMPATH\Common.php(1171): CodeIgniter\View\View->render('dashboard', [], true)
 5 APPPATH\Controllers\DashboardController.php(95): view('dashboard')
 6 SYSTEMPATH\CodeIgniter.php(933): App\Controllers\DashboardController->dashboard2()
 7 SYSTEMPATH\CodeIgniter.php(509): CodeIgniter\CodeIgniter->runController(Object(App\Controllers\DashboardController))
 8 SYSTEMPATH\CodeIgniter.php(355): CodeIgniter\CodeIgniter->handleRequest(null, Object(Config\Cache), false)
 9 SYSTEMPATH\Boot.php(325): CodeIgniter\CodeIgniter->run()
10 SYSTEMPATH\Boot.php(67): CodeIgniter\Boot::runCodeIgniter(Object(CodeIgniter\CodeIgniter))
11 FCPATH\index.php(56): CodeIgniter\Boot::bootWeb(Object(Config\Paths))
CRITICAL - 2024-07-15 08:11:56 --> ErrorException: Undefined variable $eksistingApproveRP
[Method: GET, Route: dashboard2]
in APPPATH\Views\dashboard.php on line 462.
 1 APPPATH\Views\dashboard.php(462): CodeIgniter\Debug\Exceptions->errorHandler(2, 'Undefined variable $eksistingApproveRP', 'C:\\xampp\\htdocs\\magang\\ci4\\app\\Views\\dashboard.php', 462)
 2 SYSTEMPATH\View\View.php(234): include('C:\\xampp\\htdocs\\magang\\ci4\\app\\Views\\dashboard.php')
 3 SYSTEMPATH\View\View.php(237): CodeIgniter\View\View->CodeIgniter\View\{closure}()
 4 SYSTEMPATH\Common.php(1171): CodeIgniter\View\View->render('dashboard', [], true)
 5 APPPATH\Controllers\DashboardController.php(95): view('dashboard')
 6 SYSTEMPATH\CodeIgniter.php(933): App\Controllers\DashboardController->dashboard2()
 7 SYSTEMPATH\CodeIgniter.php(509): CodeIgniter\CodeIgniter->runController(Object(App\Controllers\DashboardController))
 8 SYSTEMPATH\CodeIgniter.php(355): CodeIgniter\CodeIgniter->handleRequest(null, Object(Config\Cache), false)
 9 SYSTEMPATH\Boot.php(325): CodeIgniter\CodeIgniter->run()
10 SYSTEMPATH\Boot.php(67): CodeIgniter\Boot::runCodeIgniter(Object(CodeIgniter\CodeIgniter))
11 FCPATH\index.php(56): CodeIgniter\Boot::bootWeb(Object(Config\Paths))
CRITICAL - 2024-07-15 08:11:58 --> ErrorException: Undefined variable $eksistingApproveRP
[Method: GET, Route: dashboard2]
in APPPATH\Views\dashboard.php on line 462.
 1 APPPATH\Views\dashboard.php(462): CodeIgniter\Debug\Exceptions->errorHandler(2, 'Undefined variable $eksistingApproveRP', 'C:\\xampp\\htdocs\\magang\\ci4\\app\\Views\\dashboard.php', 462)
 2 SYSTEMPATH\View\View.php(234): include('C:\\xampp\\htdocs\\magang\\ci4\\app\\Views\\dashboard.php')
 3 SYSTEMPATH\View\View.php(237): CodeIgniter\View\View->CodeIgniter\View\{closure}()
 4 SYSTEMPATH\Common.php(1171): CodeIgniter\View\View->render('dashboard', [], true)
 5 APPPATH\Controllers\DashboardController.php(95): view('dashboard')
 6 SYSTEMPATH\CodeIgniter.php(933): App\Controllers\DashboardController->dashboard2()
 7 SYSTEMPATH\CodeIgniter.php(509): CodeIgniter\CodeIgniter->runController(Object(App\Controllers\DashboardController))
 8 SYSTEMPATH\CodeIgniter.php(355): CodeIgniter\CodeIgniter->handleRequest(null, Object(Config\Cache), false)
 9 SYSTEMPATH\Boot.php(325): CodeIgniter\CodeIgniter->run()
10 SYSTEMPATH\Boot.php(67): CodeIgniter\Boot::runCodeIgniter(Object(CodeIgniter\CodeIgniter))
11 FCPATH\index.php(56): CodeIgniter\Boot::bootWeb(Object(Config\Paths))
CRITICAL - 2024-07-15 08:12:03 --> ErrorException: Undefined variable $eksistingApproveRP
[Method: GET, Route: dashboard2]
in APPPATH\Views\dashboard.php on line 462.
 1 APPPATH\Views\dashboard.php(462): CodeIgniter\Debug\Exceptions->errorHandler(2, 'Undefined variable $eksistingApproveRP', 'C:\\xampp\\htdocs\\magang\\ci4\\app\\Views\\dashboard.php', 462)
 2 SYSTEMPATH\View\View.php(234): include('C:\\xampp\\htdocs\\magang\\ci4\\app\\Views\\dashboard.php')
 3 SYSTEMPATH\View\View.php(237): CodeIgniter\View\View->CodeIgniter\View\{closure}()
 4 SYSTEMPATH\Common.php(1171): CodeIgniter\View\View->render('dashboard', [], true)
 5 APPPATH\Controllers\DashboardController.php(95): view('dashboard')
 6 SYSTEMPATH\CodeIgniter.php(933): App\Controllers\DashboardController->dashboard2()
 7 SYSTEMPATH\CodeIgniter.php(509): CodeIgniter\CodeIgniter->runController(Object(App\Controllers\DashboardController))
 8 SYSTEMPATH\CodeIgniter.php(355): CodeIgniter\CodeIgniter->handleRequest(null, Object(Config\Cache), false)
 9 SYSTEMPATH\Boot.php(325): CodeIgniter\CodeIgniter->run()
10 SYSTEMPATH\Boot.php(67): CodeIgniter\Boot::runCodeIgniter(Object(CodeIgniter\CodeIgniter))
11 FCPATH\index.php(56): CodeIgniter\Boot::bootWeb(Object(Config\Paths))
CRITICAL - 2024-07-15 08:12:10 --> ErrorException: Undefined variable $eksistingApproveRP
[Method: GET, Route: dashboard2]
in APPPATH\Views\dashboard.php on line 462.
 1 APPPATH\Views\dashboard.php(462): CodeIgniter\Debug\Exceptions->errorHandler(2, 'Undefined variable $eksistingApproveRP', 'C:\\xampp\\htdocs\\magang\\ci4\\app\\Views\\dashboard.php', 462)
 2 SYSTEMPATH\View\View.php(234): include('C:\\xampp\\htdocs\\magang\\ci4\\app\\Views\\dashboard.php')
 3 SYSTEMPATH\View\View.php(237): CodeIgniter\View\View->CodeIgniter\View\{closure}()
 4 SYSTEMPATH\Common.php(1171): CodeIgniter\View\View->render('dashboard', [], true)
 5 APPPATH\Controllers\DashboardController.php(95): view('dashboard')
 6 SYSTEMPATH\CodeIgniter.php(933): App\Controllers\DashboardController->dashboard2()
 7 SYSTEMPATH\CodeIgniter.php(509): CodeIgniter\CodeIgniter->runController(Object(App\Controllers\DashboardController))
 8 SYSTEMPATH\CodeIgniter.php(355): CodeIgniter\CodeIgniter->handleRequest(null, Object(Config\Cache), false)
 9 SYSTEMPATH\Boot.php(325): CodeIgniter\CodeIgniter->run()
10 SYSTEMPATH\Boot.php(67): CodeIgniter\Boot::runCodeIgniter(Object(CodeIgniter\CodeIgniter))
11 FCPATH\index.php(56): CodeIgniter\Boot::bootWeb(Object(Config\Paths))
CRITICAL - 2024-07-15 08:12:36 --> ErrorException: Undefined variable $eksistingApproveRP
[Method: GET, Route: dashboard2]
in APPPATH\Views\dashboard.php on line 462.
 1 APPPATH\Views\dashboard.php(462): CodeIgniter\Debug\Exceptions->errorHandler(2, 'Undefined variable $eksistingApproveRP', 'C:\\xampp\\htdocs\\magang\\ci4\\app\\Views\\dashboard.php', 462)
 2 SYSTEMPATH\View\View.php(234): include('C:\\xampp\\htdocs\\magang\\ci4\\app\\Views\\dashboard.php')
 3 SYSTEMPATH\View\View.php(237): CodeIgniter\View\View->CodeIgniter\View\{closure}()
 4 SYSTEMPATH\Common.php(1171): CodeIgniter\View\View->render('dashboard', [], true)
 5 APPPATH\Controllers\DashboardController.php(95): view('dashboard')
 6 SYSTEMPATH\CodeIgniter.php(933): App\Controllers\DashboardController->dashboard2()
 7 SYSTEMPATH\CodeIgniter.php(509): CodeIgniter\CodeIgniter->runController(Object(App\Controllers\DashboardController))
 8 SYSTEMPATH\CodeIgniter.php(355): CodeIgniter\CodeIgniter->handleRequest(null, Object(Config\Cache), false)
 9 SYSTEMPATH\Boot.php(325): CodeIgniter\CodeIgniter->run()
10 SYSTEMPATH\Boot.php(67): CodeIgniter\Boot::runCodeIgniter(Object(CodeIgniter\CodeIgniter))
11 FCPATH\index.php(56): CodeIgniter\Boot::bootWeb(Object(Config\Paths))
CRITICAL - 2024-07-15 08:13:08 --> ErrorException: Undefined variable $eksistingApproveRP
[Method: GET, Route: dashboard2]
in APPPATH\Views\dashboard.php on line 462.
 1 APPPATH\Views\dashboard.php(462): CodeIgniter\Debug\Exceptions->errorHandler(2, 'Undefined variable $eksistingApproveRP', 'C:\\xampp\\htdocs\\magang\\ci4\\app\\Views\\dashboard.php', 462)
 2 SYSTEMPATH\View\View.php(234): include('C:\\xampp\\htdocs\\magang\\ci4\\app\\Views\\dashboard.php')
 3 SYSTEMPATH\View\View.php(237): CodeIgniter\View\View->CodeIgniter\View\{closure}()
 4 SYSTEMPATH\Common.php(1171): CodeIgniter\View\View->render('dashboard', [], true)
 5 APPPATH\Controllers\DashboardController.php(95): view('dashboard')
 6 SYSTEMPATH\CodeIgniter.php(933): App\Controllers\DashboardController->dashboard2()
 7 SYSTEMPATH\CodeIgniter.php(509): CodeIgniter\CodeIgniter->runController(Object(App\Controllers\DashboardController))
 8 SYSTEMPATH\CodeIgniter.php(355): CodeIgniter\CodeIgniter->handleRequest(null, Object(Config\Cache), false)
 9 SYSTEMPATH\Boot.php(325): CodeIgniter\CodeIgniter->run()
10 SYSTEMPATH\Boot.php(67): CodeIgniter\Boot::runCodeIgniter(Object(CodeIgniter\CodeIgniter))
11 FCPATH\index.php(56): CodeIgniter\Boot::bootWeb(Object(Config\Paths))
CRITICAL - 2024-07-15 08:13:12 --> ErrorException: Undefined variable $eksistingApproveRP
[Method: GET, Route: dashboard2]
in APPPATH\Views\dashboard.php on line 462.
 1 APPPATH\Views\dashboard.php(462): CodeIgniter\Debug\Exceptions->errorHandler(2, 'Undefined variable $eksistingApproveRP', 'C:\\xampp\\htdocs\\magang\\ci4\\app\\Views\\dashboard.php', 462)
 2 SYSTEMPATH\View\View.php(234): include('C:\\xampp\\htdocs\\magang\\ci4\\app\\Views\\dashboard.php')
 3 SYSTEMPATH\View\View.php(237): CodeIgniter\View\View->CodeIgniter\View\{closure}()
 4 SYSTEMPATH\Common.php(1171): CodeIgniter\View\View->render('dashboard', [], true)
 5 APPPATH\Controllers\DashboardController.php(95): view('dashboard')
 6 SYSTEMPATH\CodeIgniter.php(933): App\Controllers\DashboardController->dashboard2()
 7 SYSTEMPATH\CodeIgniter.php(509): CodeIgniter\CodeIgniter->runController(Object(App\Controllers\DashboardController))
 8 SYSTEMPATH\CodeIgniter.php(355): CodeIgniter\CodeIgniter->handleRequest(null, Object(Config\Cache), false)
 9 SYSTEMPATH\Boot.php(325): CodeIgniter\CodeIgniter->run()
10 SYSTEMPATH\Boot.php(67): CodeIgniter\Boot::runCodeIgniter(Object(CodeIgniter\CodeIgniter))
11 FCPATH\index.php(56): CodeIgniter\Boot::bootWeb(Object(Config\Paths))
CRITICAL - 2024-07-15 08:16:30 --> ErrorException: Undefined variable $eksistingApproveRP
[Method: GET, Route: dashboard2]
in APPPATH\Views\dashboard.php on line 462.
 1 APPPATH\Views\dashboard.php(462): CodeIgniter\Debug\Exceptions->errorHandler(2, 'Undefined variable $eksistingApproveRP', 'C:\\xampp\\htdocs\\magang\\ci4\\app\\Views\\dashboard.php', 462)
 2 SYSTEMPATH\View\View.php(234): include('C:\\xampp\\htdocs\\magang\\ci4\\app\\Views\\dashboard.php')
 3 SYSTEMPATH\View\View.php(237): CodeIgniter\View\View->CodeIgniter\View\{closure}()
 4 SYSTEMPATH\Common.php(1171): CodeIgniter\View\View->render('dashboard', [], true)
 5 APPPATH\Controllers\DashboardController.php(95): view('dashboard')
 6 SYSTEMPATH\CodeIgniter.php(933): App\Controllers\DashboardController->dashboard2()
 7 SYSTEMPATH\CodeIgniter.php(509): CodeIgniter\CodeIgniter->runController(Object(App\Controllers\DashboardController))
 8 SYSTEMPATH\CodeIgniter.php(355): CodeIgniter\CodeIgniter->handleRequest(null, Object(Config\Cache), false)
 9 SYSTEMPATH\Boot.php(325): CodeIgniter\CodeIgniter->run()
10 SYSTEMPATH\Boot.php(67): CodeIgniter\Boot::runCodeIgniter(Object(CodeIgniter\CodeIgniter))
11 FCPATH\index.php(56): CodeIgniter\Boot::bootWeb(Object(Config\Paths))
