INFO - 2024-08-02 01:37:09 --> Session: Class initialized using 'CodeIgniter\Session\Handlers\FileHandler' driver.
INFO - 2024-08-02 03:06:07 --> Session: Class initialized using 'CodeIgniter\Session\Handlers\FileHandler' driver.
CRITICAL - 2024-08-02 03:58:35 --> ErrorException: Undefined property: App\Filters\TokenAuth::$response
[Method: GET, Route: api/dataunit/dataApi/dataUnit]
in SYSTEMPATH\API\ResponseTrait.php on line 326.
 1 SYSTEMPATH\API\ResponseTrait.php(326): CodeIgniter\Debug\Exceptions->errorHandler(2, 'Undefined property: App\\Filters\\TokenAuth::$response', 'C:\\xampp\\htdocs\\magang\\ci4\\system\\API\\ResponseTrait.php', 326)
 2 SYSTEMPATH\API\ResponseTrait.php(103): App\Filters\TokenAuth->format([...])
 3 SYSTEMPATH\API\ResponseTrait.php(140): App\Filters\TokenAuth->respond([...], 401, '')
 4 SYSTEMPATH\API\ResponseTrait.php(203): App\Filters\TokenAuth->fail([...], 401, null, '')
 5 APPPATH\Filters\TokenAuth.php(21): App\Filters\TokenAuth->failUnauthorized('Access denied. No token provided.')
 6 SYSTEMPATH\Filters\Filters.php(203): App\Filters\TokenAuth->before(Object(CodeIgniter\HTTP\IncomingRequest), null)
 7 SYSTEMPATH\Filters\Filters.php(184): CodeIgniter\Filters\Filters->runBefore([...])
 8 SYSTEMPATH\CodeIgniter.php(481): CodeIgniter\Filters\Filters->run('api/dataunit/dataApi/dataUnit', 'before')
 9 SYSTEMPATH\CodeIgniter.php(355): CodeIgniter\CodeIgniter->handleRequest(null, Object(Config\Cache), false)
10 SYSTEMPATH\Boot.php(325): CodeIgniter\CodeIgniter->run()
11 SYSTEMPATH\Boot.php(67): CodeIgniter\Boot::runCodeIgniter(Object(CodeIgniter\CodeIgniter))
12 FCPATH\index.php(56): CodeIgniter\Boot::bootWeb(Object(Config\Paths))
INFO - 2024-08-02 04:00:55 --> Session: Class initialized using 'CodeIgniter\Session\Handlers\FileHandler' driver.
INFO - 2024-08-02 04:01:01 --> Session: Class initialized using 'CodeIgniter\Session\Handlers\FileHandler' driver.
WARNING - 2024-08-02 04:01:01 --> [DEPRECATED] number_format(): Passing null to parameter #1 ($num) of type float is deprecated in APPPATH\Views\dashboard2.php on line 90.
 1 APPPATH\Views\dashboard2.php(90): number_format(null, 0, ',', '.')
 2 SYSTEMPATH\View\View.php(234): include('C:\\xampp\\htdocs\\magang\\ci4\\app\\Views\\dashboard2.php')
 3 SYSTEMPATH\View\View.php(237): CodeIgniter\View\View->CodeIgniter\View\{closure}()
 4 SYSTEMPATH\Common.php(1171): CodeIgniter\View\View->render('dashboard2', [], true)
 5 APPPATH\Controllers\DashboardController.php(147): view('dashboard2', [...])
 6 SYSTEMPATH\CodeIgniter.php(933): App\Controllers\DashboardController->dashboard2()
 7 SYSTEMPATH\CodeIgniter.php(509): CodeIgniter\CodeIgniter->runController(Object(App\Controllers\DashboardController))
 8 SYSTEMPATH\CodeIgniter.php(355): CodeIgniter\CodeIgniter->handleRequest(null, Object(Config\Cache), false)
 9 SYSTEMPATH\Boot.php(325): CodeIgniter\CodeIgniter->run()
10 SYSTEMPATH\Boot.php(67): CodeIgniter\Boot::runCodeIgniter(Object(CodeIgniter\CodeIgniter))
11 FCPATH\index.php(56): CodeIgniter\Boot::bootWeb(Object(Config\Paths))
WARNING - 2024-08-02 04:01:01 --> [DEPRECATED] number_format(): Passing null to parameter #1 ($num) of type float is deprecated in APPPATH\Views\dashboard2.php on line 99.
 1 APPPATH\Views\dashboard2.php(99): number_format(null, 0, ',', '.')
 2 SYSTEMPATH\View\View.php(234): include('C:\\xampp\\htdocs\\magang\\ci4\\app\\Views\\dashboard2.php')
 3 SYSTEMPATH\View\View.php(237): CodeIgniter\View\View->CodeIgniter\View\{closure}()
 4 SYSTEMPATH\Common.php(1171): CodeIgniter\View\View->render('dashboard2', [], true)
 5 APPPATH\Controllers\DashboardController.php(147): view('dashboard2', [...])
 6 SYSTEMPATH\CodeIgniter.php(933): App\Controllers\DashboardController->dashboard2()
 7 SYSTEMPATH\CodeIgniter.php(509): CodeIgniter\CodeIgniter->runController(Object(App\Controllers\DashboardController))
 8 SYSTEMPATH\CodeIgniter.php(355): CodeIgniter\CodeIgniter->handleRequest(null, Object(Config\Cache), false)
 9 SYSTEMPATH\Boot.php(325): CodeIgniter\CodeIgniter->run()
10 SYSTEMPATH\Boot.php(67): CodeIgniter\Boot::runCodeIgniter(Object(CodeIgniter\CodeIgniter))
11 FCPATH\index.php(56): CodeIgniter\Boot::bootWeb(Object(Config\Paths))
WARNING - 2024-08-02 04:01:01 --> [DEPRECATED] number_format(): Passing null to parameter #1 ($num) of type float is deprecated in APPPATH\Views\dashboard2.php on line 108.
 1 APPPATH\Views\dashboard2.php(108): number_format(null, 0, ',', '.')
 2 SYSTEMPATH\View\View.php(234): include('C:\\xampp\\htdocs\\magang\\ci4\\app\\Views\\dashboard2.php')
 3 SYSTEMPATH\View\View.php(237): CodeIgniter\View\View->CodeIgniter\View\{closure}()
 4 SYSTEMPATH\Common.php(1171): CodeIgniter\View\View->render('dashboard2', [], true)
 5 APPPATH\Controllers\DashboardController.php(147): view('dashboard2', [...])
 6 SYSTEMPATH\CodeIgniter.php(933): App\Controllers\DashboardController->dashboard2()
 7 SYSTEMPATH\CodeIgniter.php(509): CodeIgniter\CodeIgniter->runController(Object(App\Controllers\DashboardController))
 8 SYSTEMPATH\CodeIgniter.php(355): CodeIgniter\CodeIgniter->handleRequest(null, Object(Config\Cache), false)
 9 SYSTEMPATH\Boot.php(325): CodeIgniter\CodeIgniter->run()
10 SYSTEMPATH\Boot.php(67): CodeIgniter\Boot::runCodeIgniter(Object(CodeIgniter\CodeIgniter))
11 FCPATH\index.php(56): CodeIgniter\Boot::bootWeb(Object(Config\Paths))
WARNING - 2024-08-02 04:01:01 --> [DEPRECATED] number_format(): Passing null to parameter #1 ($num) of type float is deprecated in APPPATH\Views\dashboard2.php on line 170.
 1 APPPATH\Views\dashboard2.php(170): number_format(null, 0, ',', '.')
 2 SYSTEMPATH\View\View.php(234): include('C:\\xampp\\htdocs\\magang\\ci4\\app\\Views\\dashboard2.php')
 3 SYSTEMPATH\View\View.php(237): CodeIgniter\View\View->CodeIgniter\View\{closure}()
 4 SYSTEMPATH\Common.php(1171): CodeIgniter\View\View->render('dashboard2', [], true)
 5 APPPATH\Controllers\DashboardController.php(147): view('dashboard2', [...])
 6 SYSTEMPATH\CodeIgniter.php(933): App\Controllers\DashboardController->dashboard2()
 7 SYSTEMPATH\CodeIgniter.php(509): CodeIgniter\CodeIgniter->runController(Object(App\Controllers\DashboardController))
 8 SYSTEMPATH\CodeIgniter.php(355): CodeIgniter\CodeIgniter->handleRequest(null, Object(Config\Cache), false)
 9 SYSTEMPATH\Boot.php(325): CodeIgniter\CodeIgniter->run()
10 SYSTEMPATH\Boot.php(67): CodeIgniter\Boot::runCodeIgniter(Object(CodeIgniter\CodeIgniter))
11 FCPATH\index.php(56): CodeIgniter\Boot::bootWeb(Object(Config\Paths))
WARNING - 2024-08-02 04:01:01 --> [DEPRECATED] number_format(): Passing null to parameter #1 ($num) of type float is deprecated in APPPATH\Views\dashboard2.php on line 179.
 1 APPPATH\Views\dashboard2.php(179): number_format(null, 0, ',', '.')
 2 SYSTEMPATH\View\View.php(234): include('C:\\xampp\\htdocs\\magang\\ci4\\app\\Views\\dashboard2.php')
 3 SYSTEMPATH\View\View.php(237): CodeIgniter\View\View->CodeIgniter\View\{closure}()
 4 SYSTEMPATH\Common.php(1171): CodeIgniter\View\View->render('dashboard2', [], true)
 5 APPPATH\Controllers\DashboardController.php(147): view('dashboard2', [...])
 6 SYSTEMPATH\CodeIgniter.php(933): App\Controllers\DashboardController->dashboard2()
 7 SYSTEMPATH\CodeIgniter.php(509): CodeIgniter\CodeIgniter->runController(Object(App\Controllers\DashboardController))
 8 SYSTEMPATH\CodeIgniter.php(355): CodeIgniter\CodeIgniter->handleRequest(null, Object(Config\Cache), false)
 9 SYSTEMPATH\Boot.php(325): CodeIgniter\CodeIgniter->run()
10 SYSTEMPATH\Boot.php(67): CodeIgniter\Boot::runCodeIgniter(Object(CodeIgniter\CodeIgniter))
11 FCPATH\index.php(56): CodeIgniter\Boot::bootWeb(Object(Config\Paths))
CRITICAL - 2024-08-02 04:01:32 --> ErrorException: Undefined property: App\Filters\TokenAuth::$response
[Method: GET, Route: api/dataunit/dataApi/dataUnit]
in SYSTEMPATH\API\ResponseTrait.php on line 326.
 1 SYSTEMPATH\API\ResponseTrait.php(326): CodeIgniter\Debug\Exceptions->errorHandler(2, 'Undefined property: App\\Filters\\TokenAuth::$response', 'C:\\xampp\\htdocs\\magang\\ci4\\system\\API\\ResponseTrait.php', 326)
 2 SYSTEMPATH\API\ResponseTrait.php(103): App\Filters\TokenAuth->format([...])
 3 SYSTEMPATH\API\ResponseTrait.php(140): App\Filters\TokenAuth->respond([...], 401, '')
 4 SYSTEMPATH\API\ResponseTrait.php(203): App\Filters\TokenAuth->fail([...], 401, null, '')
 5 APPPATH\Filters\TokenAuth.php(21): App\Filters\TokenAuth->failUnauthorized('Access denied. No token provided.')
 6 SYSTEMPATH\Filters\Filters.php(203): App\Filters\TokenAuth->before(Object(CodeIgniter\HTTP\IncomingRequest), null)
 7 SYSTEMPATH\Filters\Filters.php(184): CodeIgniter\Filters\Filters->runBefore([...])
 8 SYSTEMPATH\CodeIgniter.php(481): CodeIgniter\Filters\Filters->run('api/dataunit/dataApi/dataUnit', 'before')
 9 SYSTEMPATH\CodeIgniter.php(355): CodeIgniter\CodeIgniter->handleRequest(null, Object(Config\Cache), false)
10 SYSTEMPATH\Boot.php(325): CodeIgniter\CodeIgniter->run()
11 SYSTEMPATH\Boot.php(67): CodeIgniter\Boot::runCodeIgniter(Object(CodeIgniter\CodeIgniter))
12 FCPATH\index.php(56): CodeIgniter\Boot::bootWeb(Object(Config\Paths))
INFO - 2024-08-02 04:08:55 --> Session: Class initialized using 'CodeIgniter\Session\Handlers\FileHandler' driver.
INFO - 2024-08-02 08:07:42 --> Session: Class initialized using 'CodeIgniter\Session\Handlers\FileHandler' driver.
